---------------------------------------------------------------

[2020-08-16T12:47:31+08:00] 127.0.0.1 GET lin.test/banner/1.1
[运行时间：0.025876s] [吞吐率：38.65req/s] [内存消耗：256.18kb] [文件加载：87]
[ info ] [ LANG ] /Users/xuliang/code/php/lin/thinkphp/lang/zh-cn.php
[ info ] [ ROUTE ] array (
  'rule' => 'banner/<id>',
  'route' => 'api/v1.Banner/getBanner',
  'option' => 
  array (
    'merge_rule_regex' => false,
  ),
  'var' => 
  array (
    'id' => '1',
  ),
)
[ info ] [ HEADER ] array (
  'connection' => 'keep-alive',
  'accept-encoding' => 'gzip, deflate',
  'host' => 'lin.test',
  'postman-token' => '1d95a81d-ba3a-4a71-9893-4f5abd0b4bfb',
  'cache-control' => 'no-cache',
  'accept' => '*/*',
  'user-agent' => 'PostmanRuntime/7.17.1',
  'content-length' => '',
  'content-type' => '',
)
[ info ] [ PARAM ] array (
  'id' => '1',
)
---------------------------------------------------------------

[2020-08-16T12:53:33+08:00] 127.0.0.1 GET lin.test/banner/1.1
[运行时间：0.003194s] [吞吐率：313.10req/s] [内存消耗：253.92kb] [文件加载：87]
[ info ] [ LANG ] /Users/xuliang/code/php/lin/thinkphp/lang/zh-cn.php
[ info ] [ ROUTE ] array (
  'rule' => 'banner/<id>',
  'route' => 'api/v1.Banner/getBanner',
  'option' => 
  array (
    'merge_rule_regex' => false,
  ),
  'var' => 
  array (
    'id' => '1',
  ),
)
[ info ] [ HEADER ] array (
  'connection' => 'keep-alive',
  'accept-encoding' => 'gzip, deflate',
  'host' => 'lin.test',
  'postman-token' => '7e613366-715c-4af3-b1e8-065618f1b838',
  'cache-control' => 'no-cache',
  'accept' => '*/*',
  'user-agent' => 'PostmanRuntime/7.17.1',
  'content-length' => '',
  'content-type' => '',
)
[ info ] [ PARAM ] array (
  'id' => '1',
)
---------------------------------------------------------------

[2020-08-16T12:53:37+08:00] 127.0.0.1 GET lin.test/banner/s
[运行时间：0.012696s] [吞吐率：78.76req/s] [内存消耗：263.23kb] [文件加载：92]
[ info ] [ LANG ] /Users/xuliang/code/php/lin/thinkphp/lang/zh-cn.php
[ info ] [ ROUTE ] array (
  'rule' => 'banner/<id>',
  'route' => 'api/v1.Banner/getBanner',
  'option' => 
  array (
    'merge_rule_regex' => false,
  ),
  'var' => 
  array (
    'id' => 's',
  ),
)
[ info ] [ HEADER ] array (
  'connection' => 'keep-alive',
  'accept-encoding' => 'gzip, deflate',
  'host' => 'lin.test',
  'postman-token' => '068f29ee-3b7f-49f8-92fd-f40e8de2ad33',
  'cache-control' => 'no-cache',
  'accept' => '*/*',
  'user-agent' => 'PostmanRuntime/7.17.1',
  'content-length' => '',
  'content-type' => '',
)
[ info ] [ PARAM ] array (
  'id' => 's',
)
[ error ] [400][/Users/xuliang/code/php/lin/application/api/validate/BaseValidate.php:18]
---------------------------------------------------------------

[2020-08-16T12:54:17+08:00] 127.0.0.1 GET lin.test/banner/s
[运行时间：0.003035s] [吞吐率：329.48req/s] [内存消耗：263.93kb] [文件加载：92]
[ info ] [ LANG ] /Users/xuliang/code/php/lin/thinkphp/lang/zh-cn.php
[ info ] [ ROUTE ] array (
  'rule' => 'banner/<id>',
  'route' => 'api/v1.Banner/getBanner',
  'option' => 
  array (
    'merge_rule_regex' => false,
  ),
  'var' => 
  array (
    'id' => 's',
  ),
)
[ info ] [ HEADER ] array (
  'connection' => 'keep-alive',
  'accept-encoding' => 'gzip, deflate',
  'host' => 'lin.test',
  'postman-token' => 'fe5ba468-449c-4a7f-af9e-f834bca58c3d',
  'cache-control' => 'no-cache',
  'accept' => '*/*',
  'user-agent' => 'PostmanRuntime/7.17.1',
  'content-length' => '',
  'content-type' => '',
)
[ info ] [ PARAM ] array (
  'id' => 's',
)
[ error ] [400][/Users/xuliang/code/php/lin/application/api/validate/BaseValidate.php:18]
---------------------------------------------------------------

[2020-08-16T13:03:36+08:00] 127.0.0.1 GET lin.test/banner/s
[运行时间：0.004864s] [吞吐率：205.59req/s] [内存消耗：263.06kb] [文件加载：92]
[ info ] [ LANG ] /Users/xuliang/code/php/lin/thinkphp/lang/zh-cn.php
[ info ] [ ROUTE ] array (
  'rule' => 'banner/<id>',
  'route' => 'api/v1.Banner/getBanner',
  'option' => 
  array (
    'merge_rule_regex' => false,
  ),
  'var' => 
  array (
    'id' => 's',
  ),
)
[ info ] [ HEADER ] array (
  'connection' => 'keep-alive',
  'accept-encoding' => 'gzip, deflate',
  'host' => 'lin.test',
  'postman-token' => '7893086a-eb39-465b-87fb-bc01035b8285',
  'cache-control' => 'no-cache',
  'accept' => '*/*',
  'user-agent' => 'PostmanRuntime/7.17.1',
  'content-length' => '',
  'content-type' => '',
)
[ info ] [ PARAM ] array (
  'id' => 's',
)
[ error ] [400][/Users/xuliang/code/php/lin/application/api/validate/BaseValidate.php:18]
---------------------------------------------------------------

[2020-08-16T13:09:22+08:00] 127.0.0.1 GET lin.test/banner/s
[运行时间：0.004777s] [吞吐率：209.33req/s] [内存消耗：264.76kb] [文件加载：92]
[ info ] [ LANG ] /Users/xuliang/code/php/lin/thinkphp/lang/zh-cn.php
[ info ] [ ROUTE ] array (
  'rule' => 'banner/<id>',
  'route' => 'api/v1.Banner/getBanner',
  'option' => 
  array (
    'merge_rule_regex' => false,
  ),
  'var' => 
  array (
    'id' => 's',
  ),
)
[ info ] [ HEADER ] array (
  'connection' => 'keep-alive',
  'accept-encoding' => 'gzip, deflate',
  'host' => 'lin.test',
  'postman-token' => '3b5072b8-1871-42f1-a15b-10b3d66ecc09',
  'cache-control' => 'no-cache',
  'accept' => '*/*',
  'user-agent' => 'PostmanRuntime/7.17.1',
  'content-length' => '',
  'content-type' => '',
)
[ info ] [ PARAM ] array (
  'id' => 's',
)
[ error ] [400][/Users/xuliang/code/php/lin/application/api/validate/BaseValidate.php:18]
---------------------------------------------------------------

[2020-08-16T13:09:27+08:00] 127.0.0.1 GET lin.test/banner/1
[运行时间：0.046316s] [吞吐率：21.59req/s] [内存消耗：532.41kb] [文件加载：98]
[ info ] [ LANG ] /Users/xuliang/code/php/lin/thinkphp/lang/zh-cn.php
[ info ] [ ROUTE ] array (
  'rule' => 'banner/<id>',
  'route' => 'api/v1.Banner/getBanner',
  'option' => 
  array (
    'merge_rule_regex' => false,
  ),
  'var' => 
  array (
    'id' => '1',
  ),
)
[ info ] [ HEADER ] array (
  'connection' => 'keep-alive',
  'accept-encoding' => 'gzip, deflate',
  'host' => 'lin.test',
  'postman-token' => '8775b0a8-fabd-447f-af90-f7cc70c9d7ad',
  'cache-control' => 'no-cache',
  'accept' => '*/*',
  'user-agent' => 'PostmanRuntime/7.17.1',
  'content-length' => '',
  'content-type' => '',
)
[ info ] [ PARAM ] array (
  'id' => '1',
)
[ info ] [ DB ] INIT mysql
[ sql ] [ DB ] CONNECT:[ UseTime:0.001373s ] mysql:host=127.0.0.1;port=3306;dbname=zerg;charset=utf8
[ sql ] [ SQL ] SHOW COLUMNS FROM `banner` [ RunTime:0.007088s ]
[ sql ] [ SQL ] SELECT * FROM `banner` WHERE  `id` = 1 LIMIT 1 [ RunTime:0.010102s ]
---------------------------------------------------------------

[2020-08-16T13:18:28+08:00] 127.0.0.1 GET lin.test/banner/1
[运行时间：0.006289s] [吞吐率：159.01req/s] [内存消耗：401.77kb] [文件加载：98]
[ info ] [ LANG ] /Users/xuliang/code/php/lin/thinkphp/lang/zh-cn.php
[ info ] [ ROUTE ] array (
  'rule' => 'banner/<id>',
  'route' => 'api/v1.Banner/getBanner',
  'option' => 
  array (
    'merge_rule_regex' => false,
  ),
  'var' => 
  array (
    'id' => '1',
  ),
)
[ info ] [ HEADER ] array (
  'connection' => 'keep-alive',
  'accept-encoding' => 'gzip, deflate',
  'host' => 'lin.test',
  'postman-token' => '1ac4cab5-9afe-421b-b03d-04ad5d98614f',
  'cache-control' => 'no-cache',
  'accept' => '*/*',
  'user-agent' => 'PostmanRuntime/7.17.1',
  'content-length' => '',
  'content-type' => '',
)
[ info ] [ PARAM ] array (
  'id' => '1',
)
[ info ] [ DB ] INIT mysql
[ sql ] [ DB ] CONNECT:[ UseTime:0.000674s ] mysql:host=127.0.0.1;port=3306;dbname=zerg;charset=utf8
[ sql ] [ SQL ] SHOW COLUMNS FROM `banner` [ RunTime:0.001696s ]
[ sql ] [ SQL ] SELECT * FROM `banner` WHERE  `id` = 1 LIMIT 1 [ RunTime:0.000373s ]
---------------------------------------------------------------

[2020-08-16T13:18:36+08:00] 127.0.0.1 GET lin.test/banner/1
[运行时间：0.011129s] [吞吐率：89.86req/s] [内存消耗：401.78kb] [文件加载：98]
[ info ] [ LANG ] /Users/xuliang/code/php/lin/thinkphp/lang/zh-cn.php
[ info ] [ ROUTE ] array (
  'rule' => 'banner/<id>',
  'route' => 'api/v1.Banner/getBanner',
  'option' => 
  array (
    'merge_rule_regex' => false,
  ),
  'var' => 
  array (
    'id' => '1',
  ),
)
[ info ] [ HEADER ] array (
  'connection' => 'keep-alive',
  'accept-encoding' => 'gzip, deflate',
  'host' => 'lin.test',
  'postman-token' => '91dcc186-974a-4b19-a81a-376cd7fee7f5',
  'cache-control' => 'no-cache',
  'accept' => '*/*',
  'user-agent' => 'PostmanRuntime/7.17.1',
  'content-length' => '',
  'content-type' => '',
)
[ info ] [ PARAM ] array (
  'id' => '1',
)
[ info ] [ DB ] INIT mysql
[ sql ] [ DB ] CONNECT:[ UseTime:0.000688s ] mysql:host=127.0.0.1;port=3306;dbname=zerg;charset=utf8
[ sql ] [ SQL ] SHOW COLUMNS FROM `banner` [ RunTime:0.006430s ]
[ sql ] [ SQL ] SELECT * FROM `banner` WHERE  `id` = 1 LIMIT 1 [ RunTime:0.000753s ]
---------------------------------------------------------------

[2020-08-16T13:28:10+08:00] 127.0.0.1 GET lin.test/banner/1
[运行时间：0.007554s] [吞吐率：132.38req/s] [内存消耗：403.53kb] [文件加载：98]
[ info ] [ LANG ] /Users/xuliang/code/php/lin/thinkphp/lang/zh-cn.php
[ info ] [ ROUTE ] array (
  'rule' => 'banner/<id>',
  'route' => 'api/v1.Banner/getBanner',
  'option' => 
  array (
    'merge_rule_regex' => false,
  ),
  'var' => 
  array (
    'id' => '1',
  ),
)
[ info ] [ HEADER ] array (
  'connection' => 'keep-alive',
  'accept-encoding' => 'gzip, deflate',
  'host' => 'lin.test',
  'postman-token' => '1fb0c64a-829f-409c-aec5-ea31e243e890',
  'cache-control' => 'no-cache',
  'accept' => '*/*',
  'user-agent' => 'PostmanRuntime/7.17.1',
  'content-length' => '',
  'content-type' => '',
)
[ info ] [ PARAM ] array (
  'id' => '1',
)
[ info ] [ DB ] INIT mysql
[ sql ] [ DB ] CONNECT:[ UseTime:0.000925s ] mysql:host=127.0.0.1;port=3306;dbname=zerg;charset=utf8
[ sql ] [ SQL ] SHOW COLUMNS FROM `banner` [ RunTime:0.002367s ]
[ sql ] [ SQL ] SELECT * FROM `banner` WHERE  `id` = 1 LIMIT 1 [ RunTime:0.000516s ]
---------------------------------------------------------------

[2020-08-16T13:30:15+08:00] 127.0.0.1 GET lin.test/banner/1
[运行时间：0.027133s] [吞吐率：36.86req/s] [内存消耗：489.45kb] [文件加载：103]
[ info ] [ LANG ] /Users/xuliang/code/php/lin/thinkphp/lang/zh-cn.php
[ info ] [ ROUTE ] array (
  'rule' => 'banner/<id>',
  'route' => 'api/v1.Banner/getBanner',
  'option' => 
  array (
    'merge_rule_regex' => false,
  ),
  'var' => 
  array (
    'id' => '1',
  ),
)
[ info ] [ HEADER ] array (
  'connection' => 'keep-alive',
  'accept-encoding' => 'gzip, deflate',
  'host' => 'lin.test',
  'postman-token' => '4a2ce204-6f4b-4b30-bc77-3c427c2280e2',
  'cache-control' => 'no-cache',
  'accept' => '*/*',
  'user-agent' => 'PostmanRuntime/7.17.1',
  'content-length' => '',
  'content-type' => '',
)
[ info ] [ PARAM ] array (
  'id' => '1',
)
[ info ] [ DB ] INIT mysql
[ sql ] [ DB ] CONNECT:[ UseTime:0.001463s ] mysql:host=127.0.0.1;port=3306;dbname=zerg;charset=utf8
[ sql ] [ SQL ] SHOW COLUMNS FROM `banner` [ RunTime:0.002077s ]
[ sql ] [ SQL ] SELECT * FROM `banner` WHERE  `id` = 1 LIMIT 1 [ RunTime:0.000374s ]
[ sql ] [ SQL ] SHOW COLUMNS FROM `banner_item` [ RunTime:0.002180s ]
[ sql ] [ SQL ] SELECT * FROM `banner_item` WHERE  `banner_id` = 1 [ RunTime:0.002405s ]
---------------------------------------------------------------

[2020-08-16T13:38:18+08:00] 127.0.0.1 GET lin.test/banner/1
[运行时间：0.021924s] [吞吐率：45.61req/s] [内存消耗：510.47kb] [文件加载：106]
[ info ] [ LANG ] /Users/xuliang/code/php/lin/thinkphp/lang/zh-cn.php
[ info ] [ ROUTE ] array (
  'rule' => 'banner/<id>',
  'route' => 'api/v1.Banner/getBanner',
  'option' => 
  array (
    'merge_rule_regex' => false,
  ),
  'var' => 
  array (
    'id' => '1',
  ),
)
[ info ] [ HEADER ] array (
  'connection' => 'keep-alive',
  'accept-encoding' => 'gzip, deflate',
  'host' => 'lin.test',
  'postman-token' => '52a1d7fd-450a-43e6-b3c5-f176584ca245',
  'cache-control' => 'no-cache',
  'accept' => '*/*',
  'user-agent' => 'PostmanRuntime/7.17.1',
  'content-length' => '',
  'content-type' => '',
)
[ info ] [ PARAM ] array (
  'id' => '1',
)
[ info ] [ DB ] INIT mysql
[ sql ] [ DB ] CONNECT:[ UseTime:0.000711s ] mysql:host=127.0.0.1;port=3306;dbname=zerg;charset=utf8
[ sql ] [ SQL ] SHOW COLUMNS FROM `banner` [ RunTime:0.001570s ]
[ sql ] [ SQL ] SELECT * FROM `banner` WHERE  `id` = 1 LIMIT 1 [ RunTime:0.000418s ]
[ sql ] [ SQL ] SHOW COLUMNS FROM `banner_item` [ RunTime:0.001536s ]
[ sql ] [ SQL ] SELECT * FROM `banner_item` WHERE  `banner_id` = 1 [ RunTime:0.000450s ]
[ sql ] [ SQL ] SELECT * FROM `banner_item` WHERE  `banner_id` = 1 [ RunTime:0.000575s ]
[ sql ] [ SQL ] SHOW COLUMNS FROM `image` [ RunTime:0.003065s ]
[ sql ] [ SQL ] SELECT * FROM `image` WHERE  `id` IN (65,2,3,1) [ RunTime:0.003908s ]
---------------------------------------------------------------

[2020-08-16T13:55:10+08:00] 127.0.0.1 GET lin.test/banner/1
[运行时间：0.021518s] [吞吐率：46.47req/s] [内存消耗：514.29kb] [文件加载：106]
[ info ] [ LANG ] /Users/xuliang/code/php/lin/thinkphp/lang/zh-cn.php
[ info ] [ ROUTE ] array (
  'rule' => 'banner/<id>',
  'route' => 'api/v1.Banner/getBanner',
  'option' => 
  array (
    'merge_rule_regex' => false,
  ),
  'var' => 
  array (
    'id' => '1',
  ),
)
[ info ] [ HEADER ] array (
  'connection' => 'keep-alive',
  'accept-encoding' => 'gzip, deflate',
  'host' => 'lin.test',
  'postman-token' => '99fe6830-05f2-4877-b350-0d430cd231a5',
  'cache-control' => 'no-cache',
  'accept' => '*/*',
  'user-agent' => 'PostmanRuntime/7.17.1',
  'content-length' => '',
  'content-type' => '',
)
[ info ] [ PARAM ] array (
  'id' => '1',
)
[ info ] [ DB ] INIT mysql
[ sql ] [ DB ] CONNECT:[ UseTime:0.000603s ] mysql:host=127.0.0.1;port=3306;dbname=zerg;charset=utf8
[ sql ] [ SQL ] SHOW COLUMNS FROM `banner` [ RunTime:0.002121s ]
[ sql ] [ SQL ] SELECT * FROM `banner` WHERE  `id` = 1 LIMIT 1 [ RunTime:0.000508s ]
[ sql ] [ SQL ] SHOW COLUMNS FROM `banner_item` [ RunTime:0.001420s ]
[ sql ] [ SQL ] SELECT * FROM `banner_item` WHERE  `banner_id` = 1 [ RunTime:0.000580s ]
[ sql ] [ SQL ] SELECT * FROM `banner_item` WHERE  `banner_id` = 1 [ RunTime:0.001619s ]
[ sql ] [ SQL ] SHOW COLUMNS FROM `image` [ RunTime:0.002753s ]
[ sql ] [ SQL ] SELECT * FROM `image` WHERE  `id` IN (65,2,3,1) [ RunTime:0.000704s ]
---------------------------------------------------------------

[2020-08-16T14:04:20+08:00] 127.0.0.1 GET lin.test/banner/1
[运行时间：0.022778s] [吞吐率：43.90req/s] [内存消耗：510.55kb] [文件加载：107]
[ info ] [ LANG ] /Users/xuliang/code/php/lin/thinkphp/lang/zh-cn.php
[ info ] [ ROUTE ] array (
  'rule' => 'banner/<id>',
  'route' => 'api/v1.Banner/getBanner',
  'option' => 
  array (
    'merge_rule_regex' => false,
  ),
  'var' => 
  array (
    'id' => '1',
  ),
)
[ info ] [ HEADER ] array (
  'connection' => 'keep-alive',
  'accept-encoding' => 'gzip, deflate',
  'host' => 'lin.test',
  'postman-token' => 'f2118863-42ff-4469-bace-8101120e841c',
  'cache-control' => 'no-cache',
  'accept' => '*/*',
  'user-agent' => 'PostmanRuntime/7.17.1',
  'content-length' => '',
  'content-type' => '',
)
[ info ] [ PARAM ] array (
  'id' => '1',
)
[ info ] [ DB ] INIT mysql
[ sql ] [ DB ] CONNECT:[ UseTime:0.000638s ] mysql:host=127.0.0.1;port=3306;dbname=zerg;charset=utf8
[ sql ] [ SQL ] SHOW COLUMNS FROM `banner` [ RunTime:0.001963s ]
[ sql ] [ SQL ] SELECT * FROM `banner` WHERE  `id` = 1 LIMIT 1 [ RunTime:0.000545s ]
[ sql ] [ SQL ] SHOW COLUMNS FROM `banner_item` [ RunTime:0.001412s ]
[ sql ] [ SQL ] SELECT * FROM `banner_item` WHERE  `banner_id` = 1 [ RunTime:0.000477s ]
[ sql ] [ SQL ] SELECT * FROM `banner_item` WHERE  `banner_id` = 1 [ RunTime:0.000450s ]
[ sql ] [ SQL ] SHOW COLUMNS FROM `image` [ RunTime:0.001850s ]
[ sql ] [ SQL ] SELECT * FROM `image` WHERE  `id` IN (65,2,3,1) [ RunTime:0.000511s ]
---------------------------------------------------------------

[2020-08-16T14:04:28+08:00] 127.0.0.1 GET lin.test/banner/1
[运行时间：0.014678s] [吞吐率：68.13req/s] [内存消耗：509.62kb] [文件加载：107]
[ info ] [ LANG ] /Users/xuliang/code/php/lin/thinkphp/lang/zh-cn.php
[ info ] [ ROUTE ] array (
  'rule' => 'banner/<id>',
  'route' => 'api/v1.Banner/getBanner',
  'option' => 
  array (
    'merge_rule_regex' => false,
  ),
  'var' => 
  array (
    'id' => '1',
  ),
)
[ info ] [ HEADER ] array (
  'connection' => 'keep-alive',
  'accept-encoding' => 'gzip, deflate',
  'host' => 'lin.test',
  'postman-token' => 'e86d6a38-5426-40c4-95d2-365a9fa4f33a',
  'cache-control' => 'no-cache',
  'accept' => '*/*',
  'user-agent' => 'PostmanRuntime/7.17.1',
  'content-length' => '',
  'content-type' => '',
)
[ info ] [ PARAM ] array (
  'id' => '1',
)
[ info ] [ DB ] INIT mysql
[ sql ] [ DB ] CONNECT:[ UseTime:0.000533s ] mysql:host=127.0.0.1;port=3306;dbname=zerg;charset=utf8
[ sql ] [ SQL ] SHOW COLUMNS FROM `banner` [ RunTime:0.001310s ]
[ sql ] [ SQL ] SELECT * FROM `banner` WHERE  `id` = 1 LIMIT 1 [ RunTime:0.000339s ]
[ sql ] [ SQL ] SHOW COLUMNS FROM `banner_item` [ RunTime:0.001184s ]
[ sql ] [ SQL ] SELECT * FROM `banner_item` WHERE  `banner_id` = 1 [ RunTime:0.000520s ]
[ sql ] [ SQL ] SELECT * FROM `banner_item` WHERE  `banner_id` = 1 [ RunTime:0.000277s ]
[ sql ] [ SQL ] SHOW COLUMNS FROM `image` [ RunTime:0.000907s ]
[ sql ] [ SQL ] SELECT * FROM `image` WHERE  `id` IN (65,2,3,1) [ RunTime:0.000308s ]
---------------------------------------------------------------

[2020-08-16T14:04:47+08:00] 127.0.0.1 GET lin.test/banner/1
[运行时间：0.021799s] [吞吐率：45.87req/s] [内存消耗：509.59kb] [文件加载：107]
[ info ] [ LANG ] /Users/xuliang/code/php/lin/thinkphp/lang/zh-cn.php
[ info ] [ ROUTE ] array (
  'rule' => 'banner/<id>',
  'route' => 'api/v1.Banner/getBanner',
  'option' => 
  array (
    'merge_rule_regex' => false,
  ),
  'var' => 
  array (
    'id' => '1',
  ),
)
[ info ] [ HEADER ] array (
  'connection' => 'keep-alive',
  'accept-encoding' => 'gzip, deflate',
  'host' => 'lin.test',
  'postman-token' => 'ff86f045-4cd2-4beb-9fb8-efb5cad37d7f',
  'cache-control' => 'no-cache',
  'accept' => '*/*',
  'user-agent' => 'PostmanRuntime/7.17.1',
  'content-length' => '',
  'content-type' => '',
)
[ info ] [ PARAM ] array (
  'id' => '1',
)
[ info ] [ DB ] INIT mysql
[ sql ] [ DB ] CONNECT:[ UseTime:0.002000s ] mysql:host=127.0.0.1;port=3306;dbname=zerg;charset=utf8
[ sql ] [ SQL ] SHOW COLUMNS FROM `banner` [ RunTime:0.007003s ]
[ sql ] [ SQL ] SELECT * FROM `banner` WHERE  `id` = 1 LIMIT 1 [ RunTime:0.000457s ]
[ sql ] [ SQL ] SHOW COLUMNS FROM `banner_item` [ RunTime:0.001448s ]
[ sql ] [ SQL ] SELECT * FROM `banner_item` WHERE  `banner_id` = 1 [ RunTime:0.000468s ]
[ sql ] [ SQL ] SELECT * FROM `banner_item` WHERE  `banner_id` = 1 [ RunTime:0.000489s ]
[ sql ] [ SQL ] SHOW COLUMNS FROM `image` [ RunTime:0.001450s ]
[ sql ] [ SQL ] SELECT * FROM `image` WHERE  `id` IN (65,2,3,1) [ RunTime:0.000519s ]
---------------------------------------------------------------

[2020-08-16T14:04:52+08:00] 127.0.0.1 GET lin.test/banner/1
[运行时间：0.016236s] [吞吐率：61.59req/s] [内存消耗：511.60kb] [文件加载：107]
[ info ] [ LANG ] /Users/xuliang/code/php/lin/thinkphp/lang/zh-cn.php
[ info ] [ ROUTE ] array (
  'rule' => 'banner/<id>',
  'route' => 'api/v1.Banner/getBanner',
  'option' => 
  array (
    'merge_rule_regex' => false,
  ),
  'var' => 
  array (
    'id' => '1',
  ),
)
[ info ] [ HEADER ] array (
  'connection' => 'keep-alive',
  'accept-encoding' => 'gzip, deflate',
  'host' => 'lin.test',
  'postman-token' => 'ab913e1a-ec44-4300-8277-0b5ea48490b4',
  'cache-control' => 'no-cache',
  'accept' => '*/*',
  'user-agent' => 'PostmanRuntime/7.17.1',
  'content-length' => '',
  'content-type' => '',
)
[ info ] [ PARAM ] array (
  'id' => '1',
)
[ info ] [ DB ] INIT mysql
[ sql ] [ DB ] CONNECT:[ UseTime:0.002355s ] mysql:host=127.0.0.1;port=3306;dbname=zerg;charset=utf8
[ sql ] [ SQL ] SHOW COLUMNS FROM `banner` [ RunTime:0.002017s ]
[ sql ] [ SQL ] SELECT * FROM `banner` WHERE  `id` = 1 LIMIT 1 [ RunTime:0.000455s ]
[ sql ] [ SQL ] SHOW COLUMNS FROM `banner_item` [ RunTime:0.001312s ]
[ sql ] [ SQL ] SELECT * FROM `banner_item` WHERE  `banner_id` = 1 [ RunTime:0.000524s ]
[ sql ] [ SQL ] SELECT * FROM `banner_item` WHERE  `banner_id` = 1 [ RunTime:0.000486s ]
[ sql ] [ SQL ] SHOW COLUMNS FROM `image` [ RunTime:0.001608s ]
[ sql ] [ SQL ] SELECT * FROM `image` WHERE  `id` IN (65,2,3,1) [ RunTime:0.000902s ]
---------------------------------------------------------------

[2020-08-16T17:54:26+08:00] 127.0.0.1 GET lin.test/banner/1
[运行时间：0.021814s] [吞吐率：45.84req/s] [内存消耗：510.20kb] [文件加载：107]
[ info ] [ LANG ] /Users/xuliang/code/php/lin/thinkphp/lang/zh-cn.php
[ info ] [ ROUTE ] array (
  'rule' => 'banner/<id>',
  'route' => 'api/v1.Banner/getBanner',
  'option' => 
  array (
    'merge_rule_regex' => false,
  ),
  'var' => 
  array (
    'id' => '1',
  ),
)
[ info ] [ HEADER ] array (
  'connection' => 'keep-alive',
  'accept-encoding' => 'gzip, deflate',
  'host' => 'lin.test',
  'postman-token' => 'be54e9f1-e019-4887-b222-60e00987df83',
  'cache-control' => 'no-cache',
  'accept' => '*/*',
  'user-agent' => 'PostmanRuntime/7.17.1',
  'content-length' => '',
  'content-type' => '',
)
[ info ] [ PARAM ] array (
  'id' => '1',
)
[ info ] [ DB ] INIT mysql
[ sql ] [ DB ] CONNECT:[ UseTime:0.004537s ] mysql:host=127.0.0.1;port=3306;dbname=zerg;charset=utf8
[ sql ] [ SQL ] SHOW COLUMNS FROM `banner` [ RunTime:0.004557s ]
[ sql ] [ SQL ] SELECT * FROM `banner` WHERE  `id` = 1 LIMIT 1 [ RunTime:0.000970s ]
[ sql ] [ SQL ] SHOW COLUMNS FROM `banner_item` [ RunTime:0.000989s ]
[ sql ] [ SQL ] SELECT * FROM `banner_item` WHERE  `banner_id` = 1 [ RunTime:0.000411s ]
[ sql ] [ SQL ] SELECT * FROM `banner_item` WHERE  `banner_id` = 1 [ RunTime:0.000452s ]
[ sql ] [ SQL ] SHOW COLUMNS FROM `image` [ RunTime:0.000940s ]
[ sql ] [ SQL ] SELECT * FROM `image` WHERE  `id` IN (65,2,3,1) [ RunTime:0.002246s ]
---------------------------------------------------------------

[2020-08-16T17:55:22+08:00] 127.0.0.1 GET lin.test/banner/1
[运行时间：0.016764s] [吞吐率：59.65req/s] [内存消耗：510.32kb] [文件加载：108]
[ info ] [ LANG ] /Users/xuliang/code/php/lin/thinkphp/lang/zh-cn.php
[ info ] [ ROUTE ] array (
  'rule' => 'banner/<id>',
  'route' => 'api/v1.Banner/getBanner',
  'option' => 
  array (
    'merge_rule_regex' => false,
  ),
  'var' => 
  array (
    'id' => '1',
  ),
)
[ info ] [ HEADER ] array (
  'connection' => 'keep-alive',
  'accept-encoding' => 'gzip, deflate',
  'host' => 'lin.test',
  'postman-token' => '49514179-b929-45d8-9cb8-0ea90c011883',
  'cache-control' => 'no-cache',
  'accept' => '*/*',
  'user-agent' => 'PostmanRuntime/7.17.1',
  'content-length' => '',
  'content-type' => '',
)
[ info ] [ PARAM ] array (
  'id' => '1',
)
[ info ] [ DB ] INIT mysql
[ sql ] [ DB ] CONNECT:[ UseTime:0.000737s ] mysql:host=127.0.0.1;port=3306;dbname=zerg;charset=utf8
[ sql ] [ SQL ] SHOW COLUMNS FROM `banner` [ RunTime:0.005525s ]
[ sql ] [ SQL ] SELECT * FROM `banner` WHERE  `id` = 1 LIMIT 1 [ RunTime:0.000433s ]
[ sql ] [ SQL ] SHOW COLUMNS FROM `banner_item` [ RunTime:0.001089s ]
[ sql ] [ SQL ] SELECT * FROM `banner_item` WHERE  `banner_id` = 1 [ RunTime:0.000536s ]
[ sql ] [ SQL ] SELECT * FROM `banner_item` WHERE  `banner_id` = 1 [ RunTime:0.000608s ]
[ sql ] [ SQL ] SHOW COLUMNS FROM `image` [ RunTime:0.001461s ]
[ sql ] [ SQL ] SELECT * FROM `image` WHERE  `id` IN (65,2,3,1) [ RunTime:0.000423s ]
---------------------------------------------------------------

[2020-08-16T17:55:38+08:00] 127.0.0.1 GET lin.test/banner/1
[运行时间：0.027468s] [吞吐率：36.41req/s] [内存消耗：511.67kb] [文件加载：108]
[ info ] [ LANG ] /Users/xuliang/code/php/lin/thinkphp/lang/zh-cn.php
[ info ] [ ROUTE ] array (
  'rule' => 'banner/<id>',
  'route' => 'api/v1.Banner/getBanner',
  'option' => 
  array (
    'merge_rule_regex' => false,
  ),
  'var' => 
  array (
    'id' => '1',
  ),
)
[ info ] [ HEADER ] array (
  'connection' => 'keep-alive',
  'accept-encoding' => 'gzip, deflate',
  'host' => 'lin.test',
  'postman-token' => '33f96435-6583-4bee-a3cf-8329cfaeda11',
  'cache-control' => 'no-cache',
  'accept' => '*/*',
  'user-agent' => 'PostmanRuntime/7.17.1',
  'content-length' => '',
  'content-type' => '',
)
[ info ] [ PARAM ] array (
  'id' => '1',
)
[ info ] [ DB ] INIT mysql
[ sql ] [ DB ] CONNECT:[ UseTime:0.000901s ] mysql:host=127.0.0.1;port=3306;dbname=zerg;charset=utf8
[ sql ] [ SQL ] SHOW COLUMNS FROM `banner` [ RunTime:0.003337s ]
[ sql ] [ SQL ] SELECT * FROM `banner` WHERE  `id` = 1 LIMIT 1 [ RunTime:0.000975s ]
[ sql ] [ SQL ] SHOW COLUMNS FROM `banner_item` [ RunTime:0.001871s ]
[ sql ] [ SQL ] SELECT * FROM `banner_item` WHERE  `banner_id` = 1 [ RunTime:0.000824s ]
[ sql ] [ SQL ] SELECT * FROM `banner_item` WHERE  `banner_id` = 1 [ RunTime:0.000849s ]
[ sql ] [ SQL ] SHOW COLUMNS FROM `image` [ RunTime:0.004326s ]
[ sql ] [ SQL ] SELECT * FROM `image` WHERE  `id` IN (65,2,3,1) [ RunTime:0.001445s ]
---------------------------------------------------------------

[2020-08-16T17:55:39+08:00] 127.0.0.1 GET lin.test/banner/1
[运行时间：0.009743s] [吞吐率：102.64req/s] [内存消耗：510.24kb] [文件加载：108]
[ info ] [ LANG ] /Users/xuliang/code/php/lin/thinkphp/lang/zh-cn.php
[ info ] [ ROUTE ] array (
  'rule' => 'banner/<id>',
  'route' => 'api/v1.Banner/getBanner',
  'option' => 
  array (
    'merge_rule_regex' => false,
  ),
  'var' => 
  array (
    'id' => '1',
  ),
)
[ info ] [ HEADER ] array (
  'connection' => 'keep-alive',
  'accept-encoding' => 'gzip, deflate',
  'host' => 'lin.test',
  'postman-token' => '15d75eab-53ba-4c78-b35e-d34b00333f8e',
  'cache-control' => 'no-cache',
  'accept' => '*/*',
  'user-agent' => 'PostmanRuntime/7.17.1',
  'content-length' => '',
  'content-type' => '',
)
[ info ] [ PARAM ] array (
  'id' => '1',
)
[ info ] [ DB ] INIT mysql
[ sql ] [ DB ] CONNECT:[ UseTime:0.000528s ] mysql:host=127.0.0.1;port=3306;dbname=zerg;charset=utf8
[ sql ] [ SQL ] SHOW COLUMNS FROM `banner` [ RunTime:0.002099s ]
[ sql ] [ SQL ] SELECT * FROM `banner` WHERE  `id` = 1 LIMIT 1 [ RunTime:0.000341s ]
[ sql ] [ SQL ] SHOW COLUMNS FROM `banner_item` [ RunTime:0.000859s ]
[ sql ] [ SQL ] SELECT * FROM `banner_item` WHERE  `banner_id` = 1 [ RunTime:0.000330s ]
[ sql ] [ SQL ] SELECT * FROM `banner_item` WHERE  `banner_id` = 1 [ RunTime:0.000412s ]
[ sql ] [ SQL ] SHOW COLUMNS FROM `image` [ RunTime:0.001589s ]
[ sql ] [ SQL ] SELECT * FROM `image` WHERE  `id` IN (65,2,3,1) [ RunTime:0.000489s ]
---------------------------------------------------------------

[2020-08-16T17:55:41+08:00] 127.0.0.1 GET lin.test/banner/1
[运行时间：0.009448s] [吞吐率：105.84req/s] [内存消耗：509.62kb] [文件加载：108]
[ info ] [ LANG ] /Users/xuliang/code/php/lin/thinkphp/lang/zh-cn.php
[ info ] [ ROUTE ] array (
  'rule' => 'banner/<id>',
  'route' => 'api/v1.Banner/getBanner',
  'option' => 
  array (
    'merge_rule_regex' => false,
  ),
  'var' => 
  array (
    'id' => '1',
  ),
)
[ info ] [ HEADER ] array (
  'connection' => 'keep-alive',
  'accept-encoding' => 'gzip, deflate',
  'host' => 'lin.test',
  'postman-token' => '17c53ca5-acc6-434e-b221-555ee4d8ef8c',
  'cache-control' => 'no-cache',
  'accept' => '*/*',
  'user-agent' => 'PostmanRuntime/7.17.1',
  'content-length' => '',
  'content-type' => '',
)
[ info ] [ PARAM ] array (
  'id' => '1',
)
[ info ] [ DB ] INIT mysql
[ sql ] [ DB ] CONNECT:[ UseTime:0.000507s ] mysql:host=127.0.0.1;port=3306;dbname=zerg;charset=utf8
[ sql ] [ SQL ] SHOW COLUMNS FROM `banner` [ RunTime:0.001463s ]
[ sql ] [ SQL ] SELECT * FROM `banner` WHERE  `id` = 1 LIMIT 1 [ RunTime:0.000554s ]
[ sql ] [ SQL ] SHOW COLUMNS FROM `banner_item` [ RunTime:0.001122s ]
[ sql ] [ SQL ] SELECT * FROM `banner_item` WHERE  `banner_id` = 1 [ RunTime:0.000538s ]
[ sql ] [ SQL ] SELECT * FROM `banner_item` WHERE  `banner_id` = 1 [ RunTime:0.000445s ]
[ sql ] [ SQL ] SHOW COLUMNS FROM `image` [ RunTime:0.001052s ]
[ sql ] [ SQL ] SELECT * FROM `image` WHERE  `id` IN (65,2,3,1) [ RunTime:0.000529s ]
---------------------------------------------------------------

[2020-08-16T17:55:47+08:00] 127.0.0.1 GET lin.test/banner/1
[运行时间：0.016538s] [吞吐率：60.47req/s] [内存消耗：511.63kb] [文件加载：108]
[ info ] [ LANG ] /Users/xuliang/code/php/lin/thinkphp/lang/zh-cn.php
[ info ] [ ROUTE ] array (
  'rule' => 'banner/<id>',
  'route' => 'api/v1.Banner/getBanner',
  'option' => 
  array (
    'merge_rule_regex' => false,
  ),
  'var' => 
  array (
    'id' => '1',
  ),
)
[ info ] [ HEADER ] array (
  'connection' => 'keep-alive',
  'accept-encoding' => 'gzip, deflate',
  'host' => 'lin.test',
  'postman-token' => '335151a2-f52a-4b03-9ad6-e41555db3480',
  'cache-control' => 'no-cache',
  'accept' => '*/*',
  'user-agent' => 'PostmanRuntime/7.17.1',
  'content-length' => '',
  'content-type' => '',
)
[ info ] [ PARAM ] array (
  'id' => '1',
)
[ info ] [ DB ] INIT mysql
[ sql ] [ DB ] CONNECT:[ UseTime:0.000507s ] mysql:host=127.0.0.1;port=3306;dbname=zerg;charset=utf8
[ sql ] [ SQL ] SHOW COLUMNS FROM `banner` [ RunTime:0.004862s ]
[ sql ] [ SQL ] SELECT * FROM `banner` WHERE  `id` = 1 LIMIT 1 [ RunTime:0.000922s ]
[ sql ] [ SQL ] SHOW COLUMNS FROM `banner_item` [ RunTime:0.000972s ]
[ sql ] [ SQL ] SELECT * FROM `banner_item` WHERE  `banner_id` = 1 [ RunTime:0.000408s ]
[ sql ] [ SQL ] SELECT * FROM `banner_item` WHERE  `banner_id` = 1 [ RunTime:0.000348s ]
[ sql ] [ SQL ] SHOW COLUMNS FROM `image` [ RunTime:0.000993s ]
[ sql ] [ SQL ] SELECT * FROM `image` WHERE  `id` IN (65,2,3,1) [ RunTime:0.001257s ]
---------------------------------------------------------------

[2020-08-16T17:55:48+08:00] 127.0.0.1 GET lin.test/banner/1
[运行时间：0.014954s] [吞吐率：66.87req/s] [内存消耗：510.20kb] [文件加载：108]
[ info ] [ LANG ] /Users/xuliang/code/php/lin/thinkphp/lang/zh-cn.php
[ info ] [ ROUTE ] array (
  'rule' => 'banner/<id>',
  'route' => 'api/v1.Banner/getBanner',
  'option' => 
  array (
    'merge_rule_regex' => false,
  ),
  'var' => 
  array (
    'id' => '1',
  ),
)
[ info ] [ HEADER ] array (
  'connection' => 'keep-alive',
  'accept-encoding' => 'gzip, deflate',
  'host' => 'lin.test',
  'postman-token' => 'ccdbc5bb-0fca-4f1c-9262-12aa5bab87dd',
  'cache-control' => 'no-cache',
  'accept' => '*/*',
  'user-agent' => 'PostmanRuntime/7.17.1',
  'content-length' => '',
  'content-type' => '',
)
[ info ] [ PARAM ] array (
  'id' => '1',
)
[ info ] [ DB ] INIT mysql
[ sql ] [ DB ] CONNECT:[ UseTime:0.001940s ] mysql:host=127.0.0.1;port=3306;dbname=zerg;charset=utf8
[ sql ] [ SQL ] SHOW COLUMNS FROM `banner` [ RunTime:0.003687s ]
[ sql ] [ SQL ] SELECT * FROM `banner` WHERE  `id` = 1 LIMIT 1 [ RunTime:0.000400s ]
[ sql ] [ SQL ] SHOW COLUMNS FROM `banner_item` [ RunTime:0.001166s ]
[ sql ] [ SQL ] SELECT * FROM `banner_item` WHERE  `banner_id` = 1 [ RunTime:0.000373s ]
[ sql ] [ SQL ] SELECT * FROM `banner_item` WHERE  `banner_id` = 1 [ RunTime:0.000300s ]
[ sql ] [ SQL ] SHOW COLUMNS FROM `image` [ RunTime:0.001204s ]
[ sql ] [ SQL ] SELECT * FROM `image` WHERE  `id` IN (65,2,3,1) [ RunTime:0.000648s ]
---------------------------------------------------------------

[2020-08-16T17:55:49+08:00] 127.0.0.1 GET lin.test/banner/1
[运行时间：0.016045s] [吞吐率：62.33req/s] [内存消耗：509.62kb] [文件加载：108]
[ info ] [ LANG ] /Users/xuliang/code/php/lin/thinkphp/lang/zh-cn.php
[ info ] [ ROUTE ] array (
  'rule' => 'banner/<id>',
  'route' => 'api/v1.Banner/getBanner',
  'option' => 
  array (
    'merge_rule_regex' => false,
  ),
  'var' => 
  array (
    'id' => '1',
  ),
)
[ info ] [ HEADER ] array (
  'connection' => 'keep-alive',
  'accept-encoding' => 'gzip, deflate',
  'host' => 'lin.test',
  'postman-token' => 'dd358c7f-3fa7-459e-a6a8-54e620663152',
  'cache-control' => 'no-cache',
  'accept' => '*/*',
  'user-agent' => 'PostmanRuntime/7.17.1',
  'content-length' => '',
  'content-type' => '',
)
[ info ] [ PARAM ] array (
  'id' => '1',
)
[ info ] [ DB ] INIT mysql
[ sql ] [ DB ] CONNECT:[ UseTime:0.000569s ] mysql:host=127.0.0.1;port=3306;dbname=zerg;charset=utf8
[ sql ] [ SQL ] SHOW COLUMNS FROM `banner` [ RunTime:0.003879s ]
[ sql ] [ SQL ] SELECT * FROM `banner` WHERE  `id` = 1 LIMIT 1 [ RunTime:0.000363s ]
[ sql ] [ SQL ] SHOW COLUMNS FROM `banner_item` [ RunTime:0.002303s ]
[ sql ] [ SQL ] SELECT * FROM `banner_item` WHERE  `banner_id` = 1 [ RunTime:0.000466s ]
[ sql ] [ SQL ] SELECT * FROM `banner_item` WHERE  `banner_id` = 1 [ RunTime:0.000280s ]
[ sql ] [ SQL ] SHOW COLUMNS FROM `image` [ RunTime:0.001943s ]
[ sql ] [ SQL ] SELECT * FROM `image` WHERE  `id` IN (65,2,3,1) [ RunTime:0.001646s ]
---------------------------------------------------------------

[2020-08-16T18:02:24+08:00] 127.0.0.1 GET lin.test/banner/1
[运行时间：0.022736s] [吞吐率：43.98req/s] [内存消耗：510.20kb] [文件加载：108]
[ info ] [ LANG ] /Users/xuliang/code/php/lin/thinkphp/lang/zh-cn.php
[ info ] [ ROUTE ] array (
  'rule' => 'banner/<id>',
  'route' => 'api/v1.Banner/getBanner',
  'option' => 
  array (
    'merge_rule_regex' => false,
  ),
  'var' => 
  array (
    'id' => '1',
  ),
)
[ info ] [ HEADER ] array (
  'connection' => 'keep-alive',
  'accept-encoding' => 'gzip, deflate',
  'host' => 'lin.test',
  'postman-token' => 'f5ace7cf-6fee-45f5-9b00-c624048e66f9',
  'cache-control' => 'no-cache',
  'accept' => '*/*',
  'user-agent' => 'PostmanRuntime/7.17.1',
  'content-length' => '',
  'content-type' => '',
)
[ info ] [ PARAM ] array (
  'id' => '1',
)
[ info ] [ DB ] INIT mysql
[ sql ] [ DB ] CONNECT:[ UseTime:0.005844s ] mysql:host=127.0.0.1;port=3306;dbname=zerg;charset=utf8
[ sql ] [ SQL ] SHOW COLUMNS FROM `banner` [ RunTime:0.004454s ]
[ sql ] [ SQL ] SELECT * FROM `banner` WHERE  `id` = 1 LIMIT 1 [ RunTime:0.000514s ]
[ sql ] [ SQL ] SHOW COLUMNS FROM `banner_item` [ RunTime:0.001102s ]
[ sql ] [ SQL ] SELECT * FROM `banner_item` WHERE  `banner_id` = 1 [ RunTime:0.000422s ]
[ sql ] [ SQL ] SELECT * FROM `banner_item` WHERE  `banner_id` = 1 [ RunTime:0.000298s ]
[ sql ] [ SQL ] SHOW COLUMNS FROM `image` [ RunTime:0.001009s ]
[ sql ] [ SQL ] SELECT * FROM `image` WHERE  `id` IN (65,2,3,1) [ RunTime:0.000368s ]
---------------------------------------------------------------

[2020-08-16T18:13:51+08:00] 127.0.0.1 GET lin.test/banner/1
[运行时间：0.017308s] [吞吐率：57.78req/s] [内存消耗：510.21kb] [文件加载：108]
[ info ] [ LANG ] /Users/xuliang/code/php/lin/thinkphp/lang/zh-cn.php
[ info ] [ ROUTE ] array (
  'rule' => 'banner/<id>',
  'route' => 'api/v1.Banner/getBanner',
  'option' => 
  array (
    'merge_rule_regex' => false,
  ),
  'var' => 
  array (
    'id' => '1',
  ),
)
[ info ] [ HEADER ] array (
  'connection' => 'keep-alive',
  'accept-encoding' => 'gzip, deflate',
  'host' => 'lin.test',
  'postman-token' => '4d2b8396-df58-4604-b264-83e99e6b3dd4',
  'cache-control' => 'no-cache',
  'accept' => '*/*',
  'user-agent' => 'PostmanRuntime/7.17.1',
  'content-length' => '',
  'content-type' => '',
)
[ info ] [ PARAM ] array (
  'id' => '1',
)
[ info ] [ DB ] INIT mysql
[ sql ] [ DB ] CONNECT:[ UseTime:0.000685s ] mysql:host=127.0.0.1;port=3306;dbname=zerg;charset=utf8
[ sql ] [ SQL ] SHOW COLUMNS FROM `banner` [ RunTime:0.005979s ]
[ sql ] [ SQL ] SELECT * FROM `banner` WHERE  `id` = 1 LIMIT 1 [ RunTime:0.000586s ]
[ sql ] [ SQL ] SHOW COLUMNS FROM `banner_item` [ RunTime:0.002003s ]
[ sql ] [ SQL ] SELECT * FROM `banner_item` WHERE  `banner_id` = 1 [ RunTime:0.000492s ]
[ sql ] [ SQL ] SELECT * FROM `banner_item` WHERE  `banner_id` = 1 [ RunTime:0.000325s ]
[ sql ] [ SQL ] SHOW COLUMNS FROM `image` [ RunTime:0.001034s ]
[ sql ] [ SQL ] SELECT * FROM `image` WHERE  `id` IN (65,2,3,1) [ RunTime:0.000401s ]
---------------------------------------------------------------

[2020-08-16T18:13:51+08:00] 127.0.0.1 GET lin.test/banner/1
[运行时间：0.020554s] [吞吐率：48.65req/s] [内存消耗：509.63kb] [文件加载：108]
[ info ] [ LANG ] /Users/xuliang/code/php/lin/thinkphp/lang/zh-cn.php
[ info ] [ ROUTE ] array (
  'rule' => 'banner/<id>',
  'route' => 'api/v1.Banner/getBanner',
  'option' => 
  array (
    'merge_rule_regex' => false,
  ),
  'var' => 
  array (
    'id' => '1',
  ),
)
[ info ] [ HEADER ] array (
  'connection' => 'keep-alive',
  'accept-encoding' => 'gzip, deflate',
  'host' => 'lin.test',
  'postman-token' => 'd6be437b-cd06-40f9-bfe1-d072404b44e1',
  'cache-control' => 'no-cache',
  'accept' => '*/*',
  'user-agent' => 'PostmanRuntime/7.17.1',
  'content-length' => '',
  'content-type' => '',
)
[ info ] [ PARAM ] array (
  'id' => '1',
)
[ info ] [ DB ] INIT mysql
[ sql ] [ DB ] CONNECT:[ UseTime:0.000632s ] mysql:host=127.0.0.1;port=3306;dbname=zerg;charset=utf8
[ sql ] [ SQL ] SHOW COLUMNS FROM `banner` [ RunTime:0.002300s ]
[ sql ] [ SQL ] SELECT * FROM `banner` WHERE  `id` = 1 LIMIT 1 [ RunTime:0.000467s ]
[ sql ] [ SQL ] SHOW COLUMNS FROM `banner_item` [ RunTime:0.002191s ]
[ sql ] [ SQL ] SELECT * FROM `banner_item` WHERE  `banner_id` = 1 [ RunTime:0.001360s ]
[ sql ] [ SQL ] SELECT * FROM `banner_item` WHERE  `banner_id` = 1 [ RunTime:0.000748s ]
[ sql ] [ SQL ] SHOW COLUMNS FROM `image` [ RunTime:0.002044s ]
[ sql ] [ SQL ] SELECT * FROM `image` WHERE  `id` IN (65,2,3,1) [ RunTime:0.000898s ]
---------------------------------------------------------------

[2020-08-16T18:13:52+08:00] 127.0.0.1 GET lin.test/banner/1
[运行时间：0.017762s] [吞吐率：56.30req/s] [内存消耗：509.65kb] [文件加载：108]
[ info ] [ LANG ] /Users/xuliang/code/php/lin/thinkphp/lang/zh-cn.php
[ info ] [ ROUTE ] array (
  'rule' => 'banner/<id>',
  'route' => 'api/v1.Banner/getBanner',
  'option' => 
  array (
    'merge_rule_regex' => false,
  ),
  'var' => 
  array (
    'id' => '1',
  ),
)
[ info ] [ HEADER ] array (
  'connection' => 'keep-alive',
  'accept-encoding' => 'gzip, deflate',
  'host' => 'lin.test',
  'postman-token' => 'a2b600a9-8811-4f5b-b023-e1acf19a1ef1',
  'cache-control' => 'no-cache',
  'accept' => '*/*',
  'user-agent' => 'PostmanRuntime/7.17.1',
  'content-length' => '',
  'content-type' => '',
)
[ info ] [ PARAM ] array (
  'id' => '1',
)
[ info ] [ DB ] INIT mysql
[ sql ] [ DB ] CONNECT:[ UseTime:0.000464s ] mysql:host=127.0.0.1;port=3306;dbname=zerg;charset=utf8
[ sql ] [ SQL ] SHOW COLUMNS FROM `banner` [ RunTime:0.003251s ]
[ sql ] [ SQL ] SELECT * FROM `banner` WHERE  `id` = 1 LIMIT 1 [ RunTime:0.000445s ]
[ sql ] [ SQL ] SHOW COLUMNS FROM `banner_item` [ RunTime:0.001961s ]
[ sql ] [ SQL ] SELECT * FROM `banner_item` WHERE  `banner_id` = 1 [ RunTime:0.000624s ]
[ sql ] [ SQL ] SELECT * FROM `banner_item` WHERE  `banner_id` = 1 [ RunTime:0.000785s ]
[ sql ] [ SQL ] SHOW COLUMNS FROM `image` [ RunTime:0.003015s ]
[ sql ] [ SQL ] SELECT * FROM `image` WHERE  `id` IN (65,2,3,1) [ RunTime:0.000834s ]
---------------------------------------------------------------

[2020-08-16T18:13:52+08:00] 127.0.0.1 GET lin.test/banner/1
[运行时间：0.013888s] [吞吐率：72.01req/s] [内存消耗：509.62kb] [文件加载：108]
[ info ] [ LANG ] /Users/xuliang/code/php/lin/thinkphp/lang/zh-cn.php
[ info ] [ ROUTE ] array (
  'rule' => 'banner/<id>',
  'route' => 'api/v1.Banner/getBanner',
  'option' => 
  array (
    'merge_rule_regex' => false,
  ),
  'var' => 
  array (
    'id' => '1',
  ),
)
[ info ] [ HEADER ] array (
  'connection' => 'keep-alive',
  'accept-encoding' => 'gzip, deflate',
  'host' => 'lin.test',
  'postman-token' => '2779daaf-faa9-44ab-b875-d871425a253b',
  'cache-control' => 'no-cache',
  'accept' => '*/*',
  'user-agent' => 'PostmanRuntime/7.17.1',
  'content-length' => '',
  'content-type' => '',
)
[ info ] [ PARAM ] array (
  'id' => '1',
)
[ info ] [ DB ] INIT mysql
[ sql ] [ DB ] CONNECT:[ UseTime:0.000667s ] mysql:host=127.0.0.1;port=3306;dbname=zerg;charset=utf8
[ sql ] [ SQL ] SHOW COLUMNS FROM `banner` [ RunTime:0.001752s ]
[ sql ] [ SQL ] SELECT * FROM `banner` WHERE  `id` = 1 LIMIT 1 [ RunTime:0.000471s ]
[ sql ] [ SQL ] SHOW COLUMNS FROM `banner_item` [ RunTime:0.001369s ]
[ sql ] [ SQL ] SELECT * FROM `banner_item` WHERE  `banner_id` = 1 [ RunTime:0.000507s ]
[ sql ] [ SQL ] SELECT * FROM `banner_item` WHERE  `banner_id` = 1 [ RunTime:0.000395s ]
[ sql ] [ SQL ] SHOW COLUMNS FROM `image` [ RunTime:0.001281s ]
[ sql ] [ SQL ] SELECT * FROM `image` WHERE  `id` IN (65,2,3,1) [ RunTime:0.000548s ]
---------------------------------------------------------------

[2020-08-16T18:13:52+08:00] 127.0.0.1 GET lin.test/banner/1
[运行时间：0.025503s] [吞吐率：39.21req/s] [内存消耗：509.62kb] [文件加载：108]
[ info ] [ LANG ] /Users/xuliang/code/php/lin/thinkphp/lang/zh-cn.php
[ info ] [ ROUTE ] array (
  'rule' => 'banner/<id>',
  'route' => 'api/v1.Banner/getBanner',
  'option' => 
  array (
    'merge_rule_regex' => false,
  ),
  'var' => 
  array (
    'id' => '1',
  ),
)
[ info ] [ HEADER ] array (
  'connection' => 'keep-alive',
  'accept-encoding' => 'gzip, deflate',
  'host' => 'lin.test',
  'postman-token' => '1fbf1c2a-75ff-4369-9b54-8b628828c7d9',
  'cache-control' => 'no-cache',
  'accept' => '*/*',
  'user-agent' => 'PostmanRuntime/7.17.1',
  'content-length' => '',
  'content-type' => '',
)
[ info ] [ PARAM ] array (
  'id' => '1',
)
[ info ] [ DB ] INIT mysql
[ sql ] [ DB ] CONNECT:[ UseTime:0.000752s ] mysql:host=127.0.0.1;port=3306;dbname=zerg;charset=utf8
[ sql ] [ SQL ] SHOW COLUMNS FROM `banner` [ RunTime:0.011872s ]
[ sql ] [ SQL ] SELECT * FROM `banner` WHERE  `id` = 1 LIMIT 1 [ RunTime:0.000692s ]
[ sql ] [ SQL ] SHOW COLUMNS FROM `banner_item` [ RunTime:0.003442s ]
[ sql ] [ SQL ] SELECT * FROM `banner_item` WHERE  `banner_id` = 1 [ RunTime:0.000489s ]
[ sql ] [ SQL ] SELECT * FROM `banner_item` WHERE  `banner_id` = 1 [ RunTime:0.000405s ]
[ sql ] [ SQL ] SHOW COLUMNS FROM `image` [ RunTime:0.001690s ]
[ sql ] [ SQL ] SELECT * FROM `image` WHERE  `id` IN (65,2,3,1) [ RunTime:0.000354s ]
---------------------------------------------------------------

[2020-08-16T18:13:53+08:00] 127.0.0.1 GET lin.test/banner/1
[运行时间：0.012253s] [吞吐率：81.61req/s] [内存消耗：509.63kb] [文件加载：108]
[ info ] [ LANG ] /Users/xuliang/code/php/lin/thinkphp/lang/zh-cn.php
[ info ] [ ROUTE ] array (
  'rule' => 'banner/<id>',
  'route' => 'api/v1.Banner/getBanner',
  'option' => 
  array (
    'merge_rule_regex' => false,
  ),
  'var' => 
  array (
    'id' => '1',
  ),
)
[ info ] [ HEADER ] array (
  'connection' => 'keep-alive',
  'accept-encoding' => 'gzip, deflate',
  'host' => 'lin.test',
  'postman-token' => '993b2810-9f59-44c5-8025-546125053203',
  'cache-control' => 'no-cache',
  'accept' => '*/*',
  'user-agent' => 'PostmanRuntime/7.17.1',
  'content-length' => '',
  'content-type' => '',
)
[ info ] [ PARAM ] array (
  'id' => '1',
)
[ info ] [ DB ] INIT mysql
[ sql ] [ DB ] CONNECT:[ UseTime:0.000736s ] mysql:host=127.0.0.1;port=3306;dbname=zerg;charset=utf8
[ sql ] [ SQL ] SHOW COLUMNS FROM `banner` [ RunTime:0.002034s ]
[ sql ] [ SQL ] SELECT * FROM `banner` WHERE  `id` = 1 LIMIT 1 [ RunTime:0.000388s ]
[ sql ] [ SQL ] SHOW COLUMNS FROM `banner_item` [ RunTime:0.001434s ]
[ sql ] [ SQL ] SELECT * FROM `banner_item` WHERE  `banner_id` = 1 [ RunTime:0.000353s ]
[ sql ] [ SQL ] SELECT * FROM `banner_item` WHERE  `banner_id` = 1 [ RunTime:0.000325s ]
[ sql ] [ SQL ] SHOW COLUMNS FROM `image` [ RunTime:0.001423s ]
[ sql ] [ SQL ] SELECT * FROM `image` WHERE  `id` IN (65,2,3,1) [ RunTime:0.000360s ]
---------------------------------------------------------------

[2020-08-16T18:13:53+08:00] 127.0.0.1 GET lin.test/banner/1
[运行时间：0.010978s] [吞吐率：91.09req/s] [内存消耗：509.62kb] [文件加载：108]
[ info ] [ LANG ] /Users/xuliang/code/php/lin/thinkphp/lang/zh-cn.php
[ info ] [ ROUTE ] array (
  'rule' => 'banner/<id>',
  'route' => 'api/v1.Banner/getBanner',
  'option' => 
  array (
    'merge_rule_regex' => false,
  ),
  'var' => 
  array (
    'id' => '1',
  ),
)
[ info ] [ HEADER ] array (
  'connection' => 'keep-alive',
  'accept-encoding' => 'gzip, deflate',
  'host' => 'lin.test',
  'postman-token' => '530c94d1-e457-4b5e-a002-c8cb5508ad25',
  'cache-control' => 'no-cache',
  'accept' => '*/*',
  'user-agent' => 'PostmanRuntime/7.17.1',
  'content-length' => '',
  'content-type' => '',
)
[ info ] [ PARAM ] array (
  'id' => '1',
)
[ info ] [ DB ] INIT mysql
[ sql ] [ DB ] CONNECT:[ UseTime:0.000460s ] mysql:host=127.0.0.1;port=3306;dbname=zerg;charset=utf8
[ sql ] [ SQL ] SHOW COLUMNS FROM `banner` [ RunTime:0.001125s ]
[ sql ] [ SQL ] SELECT * FROM `banner` WHERE  `id` = 1 LIMIT 1 [ RunTime:0.000384s ]
[ sql ] [ SQL ] SHOW COLUMNS FROM `banner_item` [ RunTime:0.001235s ]
[ sql ] [ SQL ] SELECT * FROM `banner_item` WHERE  `banner_id` = 1 [ RunTime:0.000373s ]
[ sql ] [ SQL ] SELECT * FROM `banner_item` WHERE  `banner_id` = 1 [ RunTime:0.002208s ]
[ sql ] [ SQL ] SHOW COLUMNS FROM `image` [ RunTime:0.000999s ]
[ sql ] [ SQL ] SELECT * FROM `image` WHERE  `id` IN (65,2,3,1) [ RunTime:0.000358s ]
---------------------------------------------------------------

[2020-08-16T18:13:55+08:00] 127.0.0.1 GET lin.test/banner/1
[运行时间：0.021395s] [吞吐率：46.74req/s] [内存消耗：509.63kb] [文件加载：108]
[ info ] [ LANG ] /Users/xuliang/code/php/lin/thinkphp/lang/zh-cn.php
[ info ] [ ROUTE ] array (
  'rule' => 'banner/<id>',
  'route' => 'api/v1.Banner/getBanner',
  'option' => 
  array (
    'merge_rule_regex' => false,
  ),
  'var' => 
  array (
    'id' => '1',
  ),
)
[ info ] [ HEADER ] array (
  'connection' => 'keep-alive',
  'accept-encoding' => 'gzip, deflate',
  'host' => 'lin.test',
  'postman-token' => '18724971-f48e-48ef-a9ba-4f5a46eaf091',
  'cache-control' => 'no-cache',
  'accept' => '*/*',
  'user-agent' => 'PostmanRuntime/7.17.1',
  'content-length' => '',
  'content-type' => '',
)
[ info ] [ PARAM ] array (
  'id' => '1',
)
[ info ] [ DB ] INIT mysql
[ sql ] [ DB ] CONNECT:[ UseTime:0.000715s ] mysql:host=127.0.0.1;port=3306;dbname=zerg;charset=utf8
[ sql ] [ SQL ] SHOW COLUMNS FROM `banner` [ RunTime:0.002240s ]
[ sql ] [ SQL ] SELECT * FROM `banner` WHERE  `id` = 1 LIMIT 1 [ RunTime:0.002225s ]
[ sql ] [ SQL ] SHOW COLUMNS FROM `banner_item` [ RunTime:0.003294s ]
[ sql ] [ SQL ] SELECT * FROM `banner_item` WHERE  `banner_id` = 1 [ RunTime:0.000939s ]
[ sql ] [ SQL ] SELECT * FROM `banner_item` WHERE  `banner_id` = 1 [ RunTime:0.000962s ]
[ sql ] [ SQL ] SHOW COLUMNS FROM `image` [ RunTime:0.002360s ]
[ sql ] [ SQL ] SELECT * FROM `image` WHERE  `id` IN (65,2,3,1) [ RunTime:0.000672s ]
---------------------------------------------------------------

[2020-08-16T18:14:22+08:00] 127.0.0.1 GET lin.test/banner/1
[运行时间：0.008901s] [吞吐率：112.35req/s] [内存消耗：511.62kb] [文件加载：108]
[ info ] [ LANG ] /Users/xuliang/code/php/lin/thinkphp/lang/zh-cn.php
[ info ] [ ROUTE ] array (
  'rule' => 'banner/<id>',
  'route' => 'api/v1.Banner/getBanner',
  'option' => 
  array (
    'merge_rule_regex' => false,
  ),
  'var' => 
  array (
    'id' => '1',
  ),
)
[ info ] [ HEADER ] array (
  'connection' => 'keep-alive',
  'accept-encoding' => 'gzip, deflate',
  'host' => 'lin.test',
  'postman-token' => 'bf50afe5-799f-4ae9-b9d5-2c66ded5c66c',
  'cache-control' => 'no-cache',
  'accept' => '*/*',
  'user-agent' => 'PostmanRuntime/7.17.1',
  'content-length' => '',
  'content-type' => '',
)
[ info ] [ PARAM ] array (
  'id' => '1',
)
[ info ] [ DB ] INIT mysql
[ sql ] [ DB ] CONNECT:[ UseTime:0.000494s ] mysql:host=127.0.0.1;port=3306;dbname=zerg;charset=utf8
[ sql ] [ SQL ] SHOW COLUMNS FROM `banner` [ RunTime:0.001190s ]
[ sql ] [ SQL ] SELECT * FROM `banner` WHERE  `id` = 1 LIMIT 1 [ RunTime:0.000338s ]
[ sql ] [ SQL ] SHOW COLUMNS FROM `banner_item` [ RunTime:0.000926s ]
[ sql ] [ SQL ] SELECT * FROM `banner_item` WHERE  `banner_id` = 1 [ RunTime:0.000311s ]
[ sql ] [ SQL ] SELECT * FROM `banner_item` WHERE  `banner_id` = 1 [ RunTime:0.000266s ]
[ sql ] [ SQL ] SHOW COLUMNS FROM `image` [ RunTime:0.000888s ]
[ sql ] [ SQL ] SELECT * FROM `image` WHERE  `id` IN (65,2,3,1) [ RunTime:0.000436s ]
---------------------------------------------------------------

[2020-08-16T18:14:31+08:00] 127.0.0.1 GET lin.test/banner/1
[运行时间：0.016328s] [吞吐率：61.25req/s] [内存消耗：510.23kb] [文件加载：108]
[ info ] [ LANG ] /Users/xuliang/code/php/lin/thinkphp/lang/zh-cn.php
[ info ] [ ROUTE ] array (
  'rule' => 'banner/<id>',
  'route' => 'api/v1.Banner/getBanner',
  'option' => 
  array (
    'merge_rule_regex' => false,
  ),
  'var' => 
  array (
    'id' => '1',
  ),
)
[ info ] [ HEADER ] array (
  'connection' => 'keep-alive',
  'accept-encoding' => 'gzip, deflate',
  'host' => 'lin.test',
  'postman-token' => 'c1b29d3b-45f7-48ca-b228-50055e569ff0',
  'cache-control' => 'no-cache',
  'accept' => '*/*',
  'user-agent' => 'PostmanRuntime/7.17.1',
  'content-length' => '',
  'content-type' => '',
)
[ info ] [ PARAM ] array (
  'id' => '1',
)
[ info ] [ DB ] INIT mysql
[ sql ] [ DB ] CONNECT:[ UseTime:0.000850s ] mysql:host=127.0.0.1;port=3306;dbname=zerg;charset=utf8
[ sql ] [ SQL ] SHOW COLUMNS FROM `banner` [ RunTime:0.001980s ]
[ sql ] [ SQL ] SELECT * FROM `banner` WHERE  `id` = 1 LIMIT 1 [ RunTime:0.000845s ]
[ sql ] [ SQL ] SHOW COLUMNS FROM `banner_item` [ RunTime:0.004569s ]
[ sql ] [ SQL ] SELECT * FROM `banner_item` WHERE  `banner_id` = 1 [ RunTime:0.000572s ]
[ sql ] [ SQL ] SELECT * FROM `banner_item` WHERE  `banner_id` = 1 [ RunTime:0.000421s ]
[ sql ] [ SQL ] SHOW COLUMNS FROM `image` [ RunTime:0.001409s ]
[ sql ] [ SQL ] SELECT * FROM `image` WHERE  `id` IN (65,2,3,1) [ RunTime:0.000511s ]
---------------------------------------------------------------

[2020-08-16T18:14:32+08:00] 127.0.0.1 GET lin.test/banner/1
[运行时间：0.015872s] [吞吐率：63.00req/s] [内存消耗：509.55kb] [文件加载：108]
[ info ] [ LANG ] /Users/xuliang/code/php/lin/thinkphp/lang/zh-cn.php
[ info ] [ ROUTE ] array (
  'rule' => 'banner/<id>',
  'route' => 'api/v1.Banner/getBanner',
  'option' => 
  array (
    'merge_rule_regex' => false,
  ),
  'var' => 
  array (
    'id' => '1',
  ),
)
[ info ] [ HEADER ] array (
  'connection' => 'keep-alive',
  'accept-encoding' => 'gzip, deflate',
  'host' => 'lin.test',
  'postman-token' => '0c169c90-572d-4660-8256-6bae5c4c9bef',
  'cache-control' => 'no-cache',
  'accept' => '*/*',
  'user-agent' => 'PostmanRuntime/7.17.1',
  'content-length' => '',
  'content-type' => '',
)
[ info ] [ PARAM ] array (
  'id' => '1',
)
[ info ] [ DB ] INIT mysql
[ sql ] [ DB ] CONNECT:[ UseTime:0.000820s ] mysql:host=127.0.0.1;port=3306;dbname=zerg;charset=utf8
[ sql ] [ SQL ] SHOW COLUMNS FROM `banner` [ RunTime:0.001722s ]
[ sql ] [ SQL ] SELECT * FROM `banner` WHERE  `id` = 1 LIMIT 1 [ RunTime:0.000487s ]
[ sql ] [ SQL ] SHOW COLUMNS FROM `banner_item` [ RunTime:0.001927s ]
[ sql ] [ SQL ] SELECT * FROM `banner_item` WHERE  `banner_id` = 1 [ RunTime:0.000777s ]
[ sql ] [ SQL ] SELECT * FROM `banner_item` WHERE  `banner_id` = 1 [ RunTime:0.001380s ]
[ sql ] [ SQL ] SHOW COLUMNS FROM `image` [ RunTime:0.001211s ]
[ sql ] [ SQL ] SELECT * FROM `image` WHERE  `id` IN (65,2,3,1) [ RunTime:0.000546s ]
---------------------------------------------------------------

[2020-08-16T18:14:33+08:00] 127.0.0.1 GET lin.test/banner/1
[运行时间：0.013374s] [吞吐率：74.77req/s] [内存消耗：509.62kb] [文件加载：108]
[ info ] [ LANG ] /Users/xuliang/code/php/lin/thinkphp/lang/zh-cn.php
[ info ] [ ROUTE ] array (
  'rule' => 'banner/<id>',
  'route' => 'api/v1.Banner/getBanner',
  'option' => 
  array (
    'merge_rule_regex' => false,
  ),
  'var' => 
  array (
    'id' => '1',
  ),
)
[ info ] [ HEADER ] array (
  'connection' => 'keep-alive',
  'accept-encoding' => 'gzip, deflate',
  'host' => 'lin.test',
  'postman-token' => '9d1c47c3-fd1e-44bf-a9b4-f1b2634f0250',
  'cache-control' => 'no-cache',
  'accept' => '*/*',
  'user-agent' => 'PostmanRuntime/7.17.1',
  'content-length' => '',
  'content-type' => '',
)
[ info ] [ PARAM ] array (
  'id' => '1',
)
[ info ] [ DB ] INIT mysql
[ sql ] [ DB ] CONNECT:[ UseTime:0.000581s ] mysql:host=127.0.0.1;port=3306;dbname=zerg;charset=utf8
[ sql ] [ SQL ] SHOW COLUMNS FROM `banner` [ RunTime:0.001539s ]
[ sql ] [ SQL ] SELECT * FROM `banner` WHERE  `id` = 1 LIMIT 1 [ RunTime:0.000422s ]
[ sql ] [ SQL ] SHOW COLUMNS FROM `banner_item` [ RunTime:0.001920s ]
[ sql ] [ SQL ] SELECT * FROM `banner_item` WHERE  `banner_id` = 1 [ RunTime:0.001210s ]
[ sql ] [ SQL ] SELECT * FROM `banner_item` WHERE  `banner_id` = 1 [ RunTime:0.000976s ]
[ sql ] [ SQL ] SHOW COLUMNS FROM `image` [ RunTime:0.001369s ]
[ sql ] [ SQL ] SELECT * FROM `image` WHERE  `id` IN (65,2,3,1) [ RunTime:0.000529s ]
---------------------------------------------------------------

[2020-08-16T18:14:44+08:00] 127.0.0.1 GET lin.test/banner/1
[运行时间：0.020699s] [吞吐率：48.31req/s] [内存消耗：510.23kb] [文件加载：108]
[ info ] [ LANG ] /Users/xuliang/code/php/lin/thinkphp/lang/zh-cn.php
[ info ] [ ROUTE ] array (
  'rule' => 'banner/<id>',
  'route' => 'api/v1.Banner/getBanner',
  'option' => 
  array (
    'merge_rule_regex' => false,
  ),
  'var' => 
  array (
    'id' => '1',
  ),
)
[ info ] [ HEADER ] array (
  'connection' => 'keep-alive',
  'accept-encoding' => 'gzip, deflate',
  'host' => 'lin.test',
  'postman-token' => '11bd62e1-e4b4-43a8-88e2-3b0ce135e99e',
  'cache-control' => 'no-cache',
  'accept' => '*/*',
  'user-agent' => 'PostmanRuntime/7.17.1',
  'content-length' => '',
  'content-type' => '',
)
[ info ] [ PARAM ] array (
  'id' => '1',
)
[ info ] [ DB ] INIT mysql
[ sql ] [ DB ] CONNECT:[ UseTime:0.000748s ] mysql:host=127.0.0.1;port=3306;dbname=zerg;charset=utf8
[ sql ] [ SQL ] SHOW COLUMNS FROM `banner` [ RunTime:0.008530s ]
[ sql ] [ SQL ] SELECT * FROM `banner` WHERE  `id` = 1 LIMIT 1 [ RunTime:0.000496s ]
[ sql ] [ SQL ] SHOW COLUMNS FROM `banner_item` [ RunTime:0.001293s ]
[ sql ] [ SQL ] SELECT * FROM `banner_item` WHERE  `banner_id` = 1 [ RunTime:0.000508s ]
[ sql ] [ SQL ] SELECT * FROM `banner_item` WHERE  `banner_id` = 1 [ RunTime:0.000530s ]
[ sql ] [ SQL ] SHOW COLUMNS FROM `image` [ RunTime:0.002530s ]
[ sql ] [ SQL ] SELECT * FROM `image` WHERE  `id` IN (65,2,3,1) [ RunTime:0.000459s ]
---------------------------------------------------------------

[2020-08-16T18:30:25+08:00] 127.0.0.1 GET lin.test/banner/1
[运行时间：0.017161s] [吞吐率：58.27req/s] [内存消耗：512.46kb] [文件加载：108]
[ info ] [ LANG ] /Users/xuliang/code/php/lin/thinkphp/lang/zh-cn.php
[ info ] [ ROUTE ] array (
  'rule' => 'banner/<id>',
  'route' => 'api/v1.Banner/getBanner',
  'option' => 
  array (
    'merge_rule_regex' => false,
  ),
  'var' => 
  array (
    'id' => '1',
  ),
)
[ info ] [ HEADER ] array (
  'connection' => 'keep-alive',
  'accept-encoding' => 'gzip, deflate',
  'host' => 'lin.test',
  'postman-token' => 'a92232a9-b1c4-429e-9b5c-f8b5fba634f7',
  'cache-control' => 'no-cache',
  'accept' => '*/*',
  'user-agent' => 'PostmanRuntime/7.17.1',
  'content-length' => '',
  'content-type' => '',
)
[ info ] [ PARAM ] array (
  'id' => '1',
)
[ info ] [ DB ] INIT mysql
[ sql ] [ DB ] CONNECT:[ UseTime:0.000835s ] mysql:host=127.0.0.1;port=3306;dbname=zerg;charset=utf8
[ sql ] [ SQL ] SHOW COLUMNS FROM `banner` [ RunTime:0.002166s ]
[ sql ] [ SQL ] SELECT * FROM `banner` WHERE  `id` = 1 LIMIT 1 [ RunTime:0.000553s ]
[ sql ] [ SQL ] SHOW COLUMNS FROM `banner_item` [ RunTime:0.002506s ]
[ sql ] [ SQL ] SELECT * FROM `banner_item` WHERE  `banner_id` = 1 [ RunTime:0.000665s ]
[ sql ] [ SQL ] SELECT * FROM `banner_item` WHERE  `banner_id` = 1 [ RunTime:0.000635s ]
[ sql ] [ SQL ] SHOW COLUMNS FROM `image` [ RunTime:0.001616s ]
[ sql ] [ SQL ] SELECT * FROM `image` WHERE  `id` IN (65,2,3,1) [ RunTime:0.000551s ]
---------------------------------------------------------------

[2020-08-16T18:34:11+08:00] 127.0.0.1 GET lin.test/banner/1
[运行时间：0.021144s] [吞吐率：47.29req/s] [内存消耗：510.80kb] [文件加载：108]
[ info ] [ LANG ] /Users/xuliang/code/php/lin/thinkphp/lang/zh-cn.php
[ info ] [ ROUTE ] array (
  'rule' => 'banner/<id>',
  'route' => 'api/v1.Banner/getBanner',
  'option' => 
  array (
    'merge_rule_regex' => false,
  ),
  'var' => 
  array (
    'id' => '1',
  ),
)
[ info ] [ HEADER ] array (
  'connection' => 'keep-alive',
  'accept-encoding' => 'gzip, deflate',
  'host' => 'lin.test',
  'postman-token' => 'de0768a4-3aa1-46ce-b86c-b896d45919d3',
  'cache-control' => 'no-cache',
  'accept' => '*/*',
  'user-agent' => 'PostmanRuntime/7.17.1',
  'content-length' => '',
  'content-type' => '',
)
[ info ] [ PARAM ] array (
  'id' => '1',
)
[ info ] [ DB ] INIT mysql
[ sql ] [ DB ] CONNECT:[ UseTime:0.000701s ] mysql:host=127.0.0.1;port=3306;dbname=zerg;charset=utf8
[ sql ] [ SQL ] SHOW COLUMNS FROM `banner` [ RunTime:0.008815s ]
[ sql ] [ SQL ] SELECT * FROM `banner` WHERE  `id` = 1 LIMIT 1 [ RunTime:0.000306s ]
[ sql ] [ SQL ] SHOW COLUMNS FROM `banner_item` [ RunTime:0.000885s ]
[ sql ] [ SQL ] SELECT * FROM `banner_item` WHERE  `banner_id` = 1 [ RunTime:0.000221s ]
[ sql ] [ SQL ] SELECT * FROM `banner_item` WHERE  `banner_id` = 1 [ RunTime:0.000194s ]
[ sql ] [ SQL ] SHOW COLUMNS FROM `image` [ RunTime:0.000831s ]
[ sql ] [ SQL ] SELECT * FROM `image` WHERE  `id` IN (65,2,3,1) [ RunTime:0.000297s ]
---------------------------------------------------------------

[2020-08-16T18:35:01+08:00] 127.0.0.1 GET lin.test/banner/1
[运行时间：0.013728s] [吞吐率：72.84req/s] [内存消耗：512.74kb] [文件加载：109]
[ info ] [ LANG ] /Users/xuliang/code/php/lin/thinkphp/lang/zh-cn.php
[ info ] [ ROUTE ] array (
  'rule' => 'banner/<id>',
  'route' => 'api/v1.Banner/getBanner',
  'option' => 
  array (
    'merge_rule_regex' => false,
  ),
  'var' => 
  array (
    'id' => '1',
  ),
)
[ info ] [ HEADER ] array (
  'connection' => 'keep-alive',
  'accept-encoding' => 'gzip, deflate',
  'host' => 'lin.test',
  'postman-token' => 'd58dae0a-6b96-4cdf-b7e3-8b5d8f11500d',
  'cache-control' => 'no-cache',
  'accept' => '*/*',
  'user-agent' => 'PostmanRuntime/7.17.1',
  'content-length' => '',
  'content-type' => '',
)
[ info ] [ PARAM ] array (
  'id' => '1',
)
[ info ] [ DB ] INIT mysql
[ sql ] [ DB ] CONNECT:[ UseTime:0.000760s ] mysql:host=127.0.0.1;port=3306;dbname=zerg;charset=utf8
[ sql ] [ SQL ] SHOW COLUMNS FROM `banner` [ RunTime:0.001788s ]
[ sql ] [ SQL ] SELECT * FROM `banner` WHERE  `id` = 1 LIMIT 1 [ RunTime:0.000485s ]
[ sql ] [ SQL ] SHOW COLUMNS FROM `banner_item` [ RunTime:0.001430s ]
[ sql ] [ SQL ] SELECT * FROM `banner_item` WHERE  `banner_id` = 1 [ RunTime:0.000502s ]
[ sql ] [ SQL ] SELECT * FROM `banner_item` WHERE  `banner_id` = 1 [ RunTime:0.000550s ]
[ sql ] [ SQL ] SHOW COLUMNS FROM `image` [ RunTime:0.001580s ]
[ sql ] [ SQL ] SELECT * FROM `image` WHERE  `id` IN (65,2,3,1) [ RunTime:0.000662s ]
---------------------------------------------------------------

[2020-08-16T18:35:02+08:00] 127.0.0.1 GET lin.test/banner/1
[运行时间：0.010789s] [吞吐率：92.69req/s] [内存消耗：512.02kb] [文件加载：109]
[ info ] [ LANG ] /Users/xuliang/code/php/lin/thinkphp/lang/zh-cn.php
[ info ] [ ROUTE ] array (
  'rule' => 'banner/<id>',
  'route' => 'api/v1.Banner/getBanner',
  'option' => 
  array (
    'merge_rule_regex' => false,
  ),
  'var' => 
  array (
    'id' => '1',
  ),
)
[ info ] [ HEADER ] array (
  'connection' => 'keep-alive',
  'accept-encoding' => 'gzip, deflate',
  'host' => 'lin.test',
  'postman-token' => '0f327128-ffe3-43f1-9845-7280957c00c5',
  'cache-control' => 'no-cache',
  'accept' => '*/*',
  'user-agent' => 'PostmanRuntime/7.17.1',
  'content-length' => '',
  'content-type' => '',
)
[ info ] [ PARAM ] array (
  'id' => '1',
)
[ info ] [ DB ] INIT mysql
[ sql ] [ DB ] CONNECT:[ UseTime:0.000692s ] mysql:host=127.0.0.1;port=3306;dbname=zerg;charset=utf8
[ sql ] [ SQL ] SHOW COLUMNS FROM `banner` [ RunTime:0.001547s ]
[ sql ] [ SQL ] SELECT * FROM `banner` WHERE  `id` = 1 LIMIT 1 [ RunTime:0.000581s ]
[ sql ] [ SQL ] SHOW COLUMNS FROM `banner_item` [ RunTime:0.001284s ]
[ sql ] [ SQL ] SELECT * FROM `banner_item` WHERE  `banner_id` = 1 [ RunTime:0.000331s ]
[ sql ] [ SQL ] SELECT * FROM `banner_item` WHERE  `banner_id` = 1 [ RunTime:0.000370s ]
[ sql ] [ SQL ] SHOW COLUMNS FROM `image` [ RunTime:0.001045s ]
[ sql ] [ SQL ] SELECT * FROM `image` WHERE  `id` IN (65,2,3,1) [ RunTime:0.000528s ]
