---------------------------------------------------------------

[2020-08-25T02:53:15+08:00] 127.0.0.1 GET lin.test/api/v1/product/2
[运行时间：0.098904s] [吞吐率：10.11req/s] [内存消耗：679.88kb] [文件加载：111]
[ info ] [ LANG ] /Users/xuliang/code/php/lin/thinkphp/lang/zh-cn.php
[ info ] [ ROUTE ] array (
  'rule' => 'api/<version>/product/<id>',
  'route' => 'api/:version.Product/getOne',
  'option' => 
  array (
    'merge_rule_regex' => false,
  ),
  'var' => 
  array (
    'version' => 'v1',
    'id' => '2',
  ),
)
[ info ] [ HEADER ] array (
  'connection' => 'keep-alive',
  'accept-encoding' => 'gzip, deflate',
  'host' => 'lin.test',
  'postman-token' => '523205f0-d5b6-4af9-961b-5d1cf229cfb9',
  'cache-control' => 'no-cache',
  'accept' => '*/*',
  'user-agent' => 'PostmanRuntime/7.17.1',
  'content-length' => '',
  'content-type' => '',
)
[ info ] [ PARAM ] array (
  'version' => 'v1',
  'id' => '2',
)
[ info ] [ DB ] INIT mysql
[ error ] [0]method not exist:app\api\model\Product->productProperties[/Users/xuliang/code/php/lin/thinkphp/library/think/db/Query.php:200]
---------------------------------------------------------------

[2020-08-25T02:54:30+08:00] 127.0.0.1 GET lin.test/api/v1/product/2
[运行时间：0.037927s] [吞吐率：26.37req/s] [内存消耗：530.12kb] [文件加载：110]
[ info ] [ LANG ] /Users/xuliang/code/php/lin/thinkphp/lang/zh-cn.php
[ info ] [ ROUTE ] array (
  'rule' => 'api/<version>/product/<id>',
  'route' => 'api/:version.Product/getOne',
  'option' => 
  array (
    'merge_rule_regex' => false,
  ),
  'var' => 
  array (
    'version' => 'v1',
    'id' => '2',
  ),
)
[ info ] [ HEADER ] array (
  'connection' => 'keep-alive',
  'accept-encoding' => 'gzip, deflate',
  'host' => 'lin.test',
  'postman-token' => 'a432c490-94fd-4cb6-b2c1-c60dcf765707',
  'cache-control' => 'no-cache',
  'accept' => '*/*',
  'user-agent' => 'PostmanRuntime/7.17.1',
  'content-length' => '',
  'content-type' => '',
)
[ info ] [ PARAM ] array (
  'version' => 'v1',
  'id' => '2',
)
[ info ] [ DB ] INIT mysql
[ sql ] [ DB ] CONNECT:[ UseTime:0.003629s ] mysql:host=127.0.0.1;port=3306;dbname=zerg;charset=utf8
[ sql ] [ SQL ] SHOW COLUMNS FROM `product` [ RunTime:0.005904s ]
[ sql ] [ SQL ] SELECT * FROM `product` WHERE  `id` = 2 LIMIT 1 [ RunTime:0.010641s ]
[ sql ] [ SQL ] SHOW COLUMNS FROM `product_image` [ RunTime:0.001445s ]
[ sql ] [ SQL ] SELECT * FROM `product_image` WHERE  `product_id` = 2 [ RunTime:0.001933s ]
[ sql ] [ SQL ] SHOW COLUMNS FROM `product_property` [ RunTime:0.001335s ]
[ sql ] [ SQL ] SELECT * FROM `product_property` WHERE  `product_id` = 2 [ RunTime:0.001884s ]
---------------------------------------------------------------

[2020-08-25T02:56:59+08:00] 127.0.0.1 GET lin.test/api/v1/product/recent?count=2
[运行时间：0.007767s] [吞吐率：128.75req/s] [内存消耗：498.13kb] [文件加载：106]
[ info ] [ LANG ] /Users/xuliang/code/php/lin/thinkphp/lang/zh-cn.php
[ info ] [ ROUTE ] array (
  'rule' => 'api/<version>/product/recent',
  'route' => 'api/:version.Product/getRecent',
  'option' => 
  array (
    'merge_rule_regex' => false,
  ),
  'var' => 
  array (
    'version' => 'v1',
  ),
)
[ info ] [ HEADER ] array (
  'connection' => 'keep-alive',
  'accept-encoding' => 'gzip, deflate',
  'host' => 'lin.test',
  'postman-token' => 'bc17d39d-fc94-434c-85ae-444a684db7eb',
  'cache-control' => 'no-cache',
  'accept' => '*/*',
  'user-agent' => 'PostmanRuntime/7.17.1',
  'content-length' => '',
  'content-type' => '',
)
[ info ] [ PARAM ] array (
  'count' => '2',
  'version' => 'v1',
)
[ info ] [ DB ] INIT mysql
[ sql ] [ DB ] CONNECT:[ UseTime:0.000754s ] mysql:host=127.0.0.1;port=3306;dbname=zerg;charset=utf8
[ sql ] [ SQL ] SHOW COLUMNS FROM `product` [ RunTime:0.001610s ]
[ sql ] [ SQL ] SELECT * FROM `product` ORDER BY `create_time` DESC LIMIT 2 [ RunTime:0.000473s ]
---------------------------------------------------------------

[2020-08-25T02:57:13+08:00] 127.0.0.1 GET lin.test/api/v1/product/recent?count=2
[运行时间：0.010348s] [吞吐率：96.64req/s] [内存消耗：275.76kb] [文件加载：95]
[ info ] [ LANG ] /Users/xuliang/code/php/lin/thinkphp/lang/zh-cn.php
[ info ] [ ROUTE ] array (
  'rule' => 'api/<version>/product/<id>',
  'route' => 'api/:version.Product/getOne',
  'option' => 
  array (
    'merge_rule_regex' => false,
  ),
  'var' => 
  array (
    'version' => 'v1',
    'id' => 'recent',
  ),
)
[ info ] [ HEADER ] array (
  'connection' => 'keep-alive',
  'accept-encoding' => 'gzip, deflate',
  'host' => 'lin.test',
  'postman-token' => '2659fba4-861d-4d5c-a2d8-f9b38fc56ebe',
  'cache-control' => 'no-cache',
  'accept' => '*/*',
  'user-agent' => 'PostmanRuntime/7.17.1',
  'content-length' => '',
  'content-type' => '',
)
[ info ] [ PARAM ] array (
  'count' => '2',
  'version' => 'v1',
  'id' => 'recent',
)
[ error ] [400][/Users/xuliang/code/php/lin/application/api/validate/BaseValidate.php:18]
---------------------------------------------------------------

[2020-08-25T03:00:52+08:00] 127.0.0.1 GET lin.test/api/v1/product/recent?count=2
[运行时间：0.005702s] [吞吐率：175.38req/s] [内存消耗：274.44kb] [文件加载：95]
[ info ] [ LANG ] /Users/xuliang/code/php/lin/thinkphp/lang/zh-cn.php
[ info ] [ ROUTE ] array (
  'rule' => 'api/<version>/product/<id>',
  'route' => 'api/:version.Product/getOne',
  'option' => 
  array (
    'merge_rule_regex' => false,
  ),
  'var' => 
  array (
    'version' => 'v1',
    'id' => 'recent',
  ),
)
[ info ] [ HEADER ] array (
  'connection' => 'keep-alive',
  'accept-encoding' => 'gzip, deflate',
  'host' => 'lin.test',
  'postman-token' => '60b7ce00-7009-4d7f-9925-c9a578c3e6a8',
  'cache-control' => 'no-cache',
  'accept' => '*/*',
  'user-agent' => 'PostmanRuntime/7.17.1',
  'content-length' => '',
  'content-type' => '',
)
[ info ] [ PARAM ] array (
  'count' => '2',
  'version' => 'v1',
  'id' => 'recent',
)
[ error ] [400][/Users/xuliang/code/php/lin/application/api/validate/BaseValidate.php:18]
---------------------------------------------------------------

[2020-08-25T03:01:08+08:00] 127.0.0.1 GET lin.test/api/v1/product/recent?count=2
[运行时间：0.009913s] [吞吐率：100.88req/s] [内存消耗：498.11kb] [文件加载：106]
[ info ] [ LANG ] /Users/xuliang/code/php/lin/thinkphp/lang/zh-cn.php
[ info ] [ ROUTE ] array (
  'rule' => 'api/<version>/product/recent',
  'route' => 'api/:version.Product/getRecent',
  'option' => 
  array (
    'merge_rule_regex' => false,
  ),
  'var' => 
  array (
    'version' => 'v1',
  ),
)
[ info ] [ HEADER ] array (
  'connection' => 'keep-alive',
  'accept-encoding' => 'gzip, deflate',
  'host' => 'lin.test',
  'postman-token' => 'e92120f9-116a-4879-b1c0-cfb31f3f4a3e',
  'cache-control' => 'no-cache',
  'accept' => '*/*',
  'user-agent' => 'PostmanRuntime/7.17.1',
  'content-length' => '',
  'content-type' => '',
)
[ info ] [ PARAM ] array (
  'count' => '2',
  'version' => 'v1',
)
[ info ] [ DB ] INIT mysql
[ sql ] [ DB ] CONNECT:[ UseTime:0.000838s ] mysql:host=127.0.0.1;port=3306;dbname=zerg;charset=utf8
[ sql ] [ SQL ] SHOW COLUMNS FROM `product` [ RunTime:0.003241s ]
[ sql ] [ SQL ] SELECT * FROM `product` ORDER BY `create_time` DESC LIMIT 2 [ RunTime:0.000640s ]
---------------------------------------------------------------

[2020-08-25T11:35:55+08:00] 127.0.0.1 GET lin.test/api/v1/product/11
[运行时间：0.020938s] [吞吐率：47.76req/s] [内存消耗：528.72kb] [文件加载：110]
[ info ] [ LANG ] /Users/xuliang/code/php/lin/thinkphp/lang/zh-cn.php
[ info ] [ ROUTE ] array (
  'rule' => 'api/<version>/product/<id>',
  'route' => 'api/:version.Product/getOne',
  'option' => 
  array (
    'merge_rule_regex' => false,
  ),
  'var' => 
  array (
    'version' => 'v1',
    'id' => '11',
  ),
)
[ info ] [ HEADER ] array (
  'connection' => 'keep-alive',
  'accept-encoding' => 'gzip, deflate',
  'host' => 'lin.test',
  'postman-token' => 'a38e478b-84af-47a9-9e56-5fec12fd0cfd',
  'cache-control' => 'no-cache',
  'accept' => '*/*',
  'user-agent' => 'PostmanRuntime/7.17.1',
  'content-length' => '',
  'content-type' => '',
)
[ info ] [ PARAM ] array (
  'version' => 'v1',
  'id' => '11',
)
[ info ] [ DB ] INIT mysql
[ sql ] [ DB ] CONNECT:[ UseTime:0.004818s ] mysql:host=127.0.0.1;port=3306;dbname=zerg;charset=utf8
[ sql ] [ SQL ] SHOW COLUMNS FROM `product` [ RunTime:0.005909s ]
[ sql ] [ SQL ] SELECT * FROM `product` WHERE  `id` = 11 LIMIT 1 [ RunTime:0.000472s ]
[ sql ] [ SQL ] SHOW COLUMNS FROM `product_image` [ RunTime:0.001069s ]
[ sql ] [ SQL ] SELECT * FROM `product_image` WHERE  `product_id` = 11 [ RunTime:0.000615s ]
[ sql ] [ SQL ] SHOW COLUMNS FROM `product_property` [ RunTime:0.001149s ]
[ sql ] [ SQL ] SELECT * FROM `product_property` WHERE  `product_id` = 11 [ RunTime:0.000589s ]
---------------------------------------------------------------

[2020-08-25T11:37:56+08:00] 127.0.0.1 GET lin.test/api/v1/product/11
[运行时间：0.024019s] [吞吐率：41.63req/s] [内存消耗：553.45kb] [文件加载：113]
[ info ] [ LANG ] /Users/xuliang/code/php/lin/thinkphp/lang/zh-cn.php
[ info ] [ ROUTE ] array (
  'rule' => 'api/<version>/product/<id>',
  'route' => 'api/:version.Product/getOne',
  'option' => 
  array (
    'merge_rule_regex' => false,
  ),
  'var' => 
  array (
    'version' => 'v1',
    'id' => '11',
  ),
)
[ info ] [ HEADER ] array (
  'connection' => 'keep-alive',
  'accept-encoding' => 'gzip, deflate',
  'host' => 'lin.test',
  'postman-token' => '7bcc5cc7-d757-4364-81b5-1e243229b314',
  'cache-control' => 'no-cache',
  'accept' => '*/*',
  'user-agent' => 'PostmanRuntime/7.17.1',
  'content-length' => '',
  'content-type' => '',
)
[ info ] [ PARAM ] array (
  'version' => 'v1',
  'id' => '11',
)
[ info ] [ DB ] INIT mysql
[ sql ] [ DB ] CONNECT:[ UseTime:0.000651s ] mysql:host=127.0.0.1;port=3306;dbname=zerg;charset=utf8
[ sql ] [ SQL ] SHOW COLUMNS FROM `product` [ RunTime:0.002309s ]
[ sql ] [ SQL ] SELECT * FROM `product` WHERE  `id` = 11 LIMIT 1 [ RunTime:0.000660s ]
[ sql ] [ SQL ] SHOW COLUMNS FROM `product_image` [ RunTime:0.001317s ]
[ sql ] [ SQL ] SELECT * FROM `product_image` WHERE  `product_id` = 11 [ RunTime:0.000498s ]
[ sql ] [ SQL ] SHOW COLUMNS FROM `image` [ RunTime:0.002680s ]
[ sql ] [ SQL ] SELECT * FROM `image` WHERE  `id` IN (19,20,21,22,23,24,25,26,27,28,29,62,63) [ RunTime:0.004350s ]
[ sql ] [ SQL ] SHOW COLUMNS FROM `product_property` [ RunTime:0.001402s ]
[ sql ] [ SQL ] SELECT * FROM `product_property` WHERE  `product_id` = 11 [ RunTime:0.000497s ]
---------------------------------------------------------------

[2020-08-25T11:42:48+08:00] 127.0.0.1 GET lin.test/api/v1/product/11
[运行时间：0.007641s] [吞吐率：130.87req/s] [内存消耗：531.76kb] [文件加载：110]
[ info ] [ LANG ] /Users/xuliang/code/php/lin/thinkphp/lang/zh-cn.php
[ info ] [ ROUTE ] array (
  'rule' => 'api/<version>/product/<id>',
  'route' => 'api/:version.Product/getOne',
  'option' => 
  array (
    'merge_rule_regex' => false,
  ),
  'var' => 
  array (
    'version' => 'v1',
    'id' => '11',
  ),
)
[ info ] [ HEADER ] array (
  'connection' => 'keep-alive',
  'accept-encoding' => 'gzip, deflate',
  'host' => 'lin.test',
  'postman-token' => '9bd2fc4b-bad5-44a8-b41a-d5c4711f8d7a',
  'cache-control' => 'no-cache',
  'accept' => '*/*',
  'user-agent' => 'PostmanRuntime/7.17.1',
  'content-length' => '',
  'content-type' => '',
)
[ info ] [ PARAM ] array (
  'version' => 'v1',
  'id' => '11',
)
[ info ] [ DB ] INIT mysql
[ sql ] [ DB ] CONNECT:[ UseTime:0.000506s ] mysql:host=127.0.0.1;port=3306;dbname=zerg;charset=utf8
[ sql ] [ SQL ] SHOW COLUMNS FROM `product` [ RunTime:0.001393s ]
[ sql ] [ SQL ] SELECT * FROM `product` WHERE  `id` = 11 LIMIT 1 [ RunTime:0.000257s ]
[ sql ] [ SQL ] SHOW COLUMNS FROM `product_property` [ RunTime:0.000681s ]
[ sql ] [ SQL ] SELECT * FROM `product_property` WHERE  `product_id` = 11 [ RunTime:0.000263s ]
---------------------------------------------------------------

[2020-08-25T11:43:29+08:00] 127.0.0.1 GET lin.test/api/v1/product/11
[运行时间：0.013710s] [吞吐率：72.94req/s] [内存消耗：526.89kb] [文件加载：110]
[ info ] [ LANG ] /Users/xuliang/code/php/lin/thinkphp/lang/zh-cn.php
[ info ] [ ROUTE ] array (
  'rule' => 'api/<version>/product/<id>',
  'route' => 'api/:version.Product/getOne',
  'option' => 
  array (
    'merge_rule_regex' => false,
  ),
  'var' => 
  array (
    'version' => 'v1',
    'id' => '11',
  ),
)
[ info ] [ HEADER ] array (
  'connection' => 'keep-alive',
  'accept-encoding' => 'gzip, deflate',
  'host' => 'lin.test',
  'postman-token' => '3fc88aaa-04ab-44b1-a5c0-a523eeeee0dc',
  'cache-control' => 'no-cache',
  'accept' => '*/*',
  'user-agent' => 'PostmanRuntime/7.17.1',
  'content-length' => '',
  'content-type' => '',
)
[ info ] [ PARAM ] array (
  'version' => 'v1',
  'id' => '11',
)
[ info ] [ DB ] INIT mysql
[ sql ] [ DB ] CONNECT:[ UseTime:0.001525s ] mysql:host=127.0.0.1;port=3306;dbname=zerg;charset=utf8
[ sql ] [ SQL ] SHOW COLUMNS FROM `product` [ RunTime:0.003854s ]
[ sql ] [ SQL ] SELECT * FROM `product` WHERE  `id` = 11 LIMIT 1 [ RunTime:0.000526s ]
[ sql ] [ SQL ] SHOW COLUMNS FROM `product_property` [ RunTime:0.001162s ]
[ sql ] [ SQL ] SELECT * FROM `product_property` WHERE  `product_id` = 11 [ RunTime:0.000624s ]
---------------------------------------------------------------

[2020-08-25T11:43:31+08:00] 127.0.0.1 GET lin.test/api/v1/product/11
[运行时间：0.011228s] [吞吐率：89.06req/s] [内存消耗：526.33kb] [文件加载：110]
[ info ] [ LANG ] /Users/xuliang/code/php/lin/thinkphp/lang/zh-cn.php
[ info ] [ ROUTE ] array (
  'rule' => 'api/<version>/product/<id>',
  'route' => 'api/:version.Product/getOne',
  'option' => 
  array (
    'merge_rule_regex' => false,
  ),
  'var' => 
  array (
    'version' => 'v1',
    'id' => '11',
  ),
)
[ info ] [ HEADER ] array (
  'connection' => 'keep-alive',
  'accept-encoding' => 'gzip, deflate',
  'host' => 'lin.test',
  'postman-token' => 'ece0665f-7234-4b69-9aed-4a066aba1430',
  'cache-control' => 'no-cache',
  'accept' => '*/*',
  'user-agent' => 'PostmanRuntime/7.17.1',
  'content-length' => '',
  'content-type' => '',
)
[ info ] [ PARAM ] array (
  'version' => 'v1',
  'id' => '11',
)
[ info ] [ DB ] INIT mysql
[ sql ] [ DB ] CONNECT:[ UseTime:0.000653s ] mysql:host=127.0.0.1;port=3306;dbname=zerg;charset=utf8
[ sql ] [ SQL ] SHOW COLUMNS FROM `product` [ RunTime:0.001933s ]
[ sql ] [ SQL ] SELECT * FROM `product` WHERE  `id` = 11 LIMIT 1 [ RunTime:0.002642s ]
[ sql ] [ SQL ] SHOW COLUMNS FROM `product_property` [ RunTime:0.001499s ]
[ sql ] [ SQL ] SELECT * FROM `product_property` WHERE  `product_id` = 11 [ RunTime:0.000389s ]
---------------------------------------------------------------

[2020-08-25T11:44:09+08:00] 127.0.0.1 GET lin.test/api/v1/product/11
[运行时间：0.014231s] [吞吐率：70.27req/s] [内存消耗：526.92kb] [文件加载：110]
[ info ] [ LANG ] /Users/xuliang/code/php/lin/thinkphp/lang/zh-cn.php
[ info ] [ ROUTE ] array (
  'rule' => 'api/<version>/product/<id>',
  'route' => 'api/:version.Product/getOne',
  'option' => 
  array (
    'merge_rule_regex' => false,
  ),
  'var' => 
  array (
    'version' => 'v1',
    'id' => '11',
  ),
)
[ info ] [ HEADER ] array (
  'connection' => 'keep-alive',
  'accept-encoding' => 'gzip, deflate',
  'host' => 'lin.test',
  'postman-token' => '36d52111-9705-46b3-8709-59cf690d4b5e',
  'cache-control' => 'no-cache',
  'accept' => '*/*',
  'user-agent' => 'PostmanRuntime/7.17.1',
  'content-length' => '',
  'content-type' => '',
)
[ info ] [ PARAM ] array (
  'version' => 'v1',
  'id' => '11',
)
[ info ] [ DB ] INIT mysql
[ sql ] [ DB ] CONNECT:[ UseTime:0.000909s ] mysql:host=127.0.0.1;port=3306;dbname=zerg;charset=utf8
[ sql ] [ SQL ] SHOW COLUMNS FROM `product` [ RunTime:0.002458s ]
[ sql ] [ SQL ] SELECT * FROM `product` WHERE  `id` = 11 LIMIT 1 [ RunTime:0.000653s ]
[ sql ] [ SQL ] SHOW COLUMNS FROM `product_property` [ RunTime:0.002300s ]
[ sql ] [ SQL ] SELECT * FROM `product_property` WHERE  `product_id` = 11 [ RunTime:0.001635s ]
---------------------------------------------------------------

[2020-08-25T11:44:20+08:00] 127.0.0.1 GET lin.test/api/v1/product/11
[运行时间：0.009089s] [吞吐率：110.02req/s] [内存消耗：532.13kb] [文件加载：110]
[ info ] [ LANG ] /Users/xuliang/code/php/lin/thinkphp/lang/zh-cn.php
[ info ] [ ROUTE ] array (
  'rule' => 'api/<version>/product/<id>',
  'route' => 'api/:version.Product/getOne',
  'option' => 
  array (
    'merge_rule_regex' => false,
  ),
  'var' => 
  array (
    'version' => 'v1',
    'id' => '11',
  ),
)
[ info ] [ HEADER ] array (
  'connection' => 'keep-alive',
  'accept-encoding' => 'gzip, deflate',
  'host' => 'lin.test',
  'postman-token' => 'b42f3c8f-ebba-478f-8a55-3a49c9cc0afe',
  'cache-control' => 'no-cache',
  'accept' => '*/*',
  'user-agent' => 'PostmanRuntime/7.17.1',
  'content-length' => '',
  'content-type' => '',
)
[ info ] [ PARAM ] array (
  'version' => 'v1',
  'id' => '11',
)
[ info ] [ DB ] INIT mysql
[ sql ] [ DB ] CONNECT:[ UseTime:0.000504s ] mysql:host=127.0.0.1;port=3306;dbname=zerg;charset=utf8
[ sql ] [ SQL ] SHOW COLUMNS FROM `product` [ RunTime:0.001710s ]
[ sql ] [ SQL ] SELECT * FROM `product` WHERE  `id` = 11 LIMIT 1 [ RunTime:0.000501s ]
[ sql ] [ SQL ] SHOW COLUMNS FROM `product_property` [ RunTime:0.000863s ]
[ sql ] [ SQL ] SELECT * FROM `product_property` WHERE  `product_id` = 11 [ RunTime:0.000393s ]
---------------------------------------------------------------

[2020-08-25T11:45:20+08:00] 127.0.0.1 GET lin.test/api/v1/product/11
[运行时间：0.016858s] [吞吐率：59.32req/s] [内存消耗：398.78kb] [文件加载：108]
[ info ] [ LANG ] /Users/xuliang/code/php/lin/thinkphp/lang/zh-cn.php
[ info ] [ ROUTE ] array (
  'rule' => 'api/<version>/product/<id>',
  'route' => 'api/:version.Product/getOne',
  'option' => 
  array (
    'merge_rule_regex' => false,
  ),
  'var' => 
  array (
    'version' => 'v1',
    'id' => '11',
  ),
)
[ info ] [ HEADER ] array (
  'connection' => 'keep-alive',
  'accept-encoding' => 'gzip, deflate',
  'host' => 'lin.test',
  'postman-token' => '32e3f125-194e-4e16-92c3-368d0fbd03a0',
  'cache-control' => 'no-cache',
  'accept' => '*/*',
  'user-agent' => 'PostmanRuntime/7.17.1',
  'content-length' => '',
  'content-type' => '',
)
[ info ] [ PARAM ] array (
  'version' => 'v1',
  'id' => '11',
)
[ info ] [ DB ] INIT mysql
[ error ] [0]method not exist:app\api\model\Product->imgs.imgUrl[/Users/xuliang/code/php/lin/thinkphp/library/think/db/Query.php:200]
---------------------------------------------------------------

[2020-08-25T11:45:41+08:00] 127.0.0.1 GET lin.test/api/v1/product/11
[运行时间：0.019097s] [吞吐率：52.36req/s] [内存消耗：526.89kb] [文件加载：110]
[ info ] [ LANG ] /Users/xuliang/code/php/lin/thinkphp/lang/zh-cn.php
[ info ] [ ROUTE ] array (
  'rule' => 'api/<version>/product/<id>',
  'route' => 'api/:version.Product/getOne',
  'option' => 
  array (
    'merge_rule_regex' => false,
  ),
  'var' => 
  array (
    'version' => 'v1',
    'id' => '11',
  ),
)
[ info ] [ HEADER ] array (
  'connection' => 'keep-alive',
  'accept-encoding' => 'gzip, deflate',
  'host' => 'lin.test',
  'postman-token' => '7be9a462-82f7-4e2b-b4e3-e4d323c076e9',
  'cache-control' => 'no-cache',
  'accept' => '*/*',
  'user-agent' => 'PostmanRuntime/7.17.1',
  'content-length' => '',
  'content-type' => '',
)
[ info ] [ PARAM ] array (
  'version' => 'v1',
  'id' => '11',
)
[ info ] [ DB ] INIT mysql
[ sql ] [ DB ] CONNECT:[ UseTime:0.001570s ] mysql:host=127.0.0.1;port=3306;dbname=zerg;charset=utf8
[ sql ] [ SQL ] SHOW COLUMNS FROM `product` [ RunTime:0.002982s ]
[ sql ] [ SQL ] SELECT * FROM `product` WHERE  `id` = 11 LIMIT 1 [ RunTime:0.000587s ]
[ sql ] [ SQL ] SHOW COLUMNS FROM `product_property` [ RunTime:0.001604s ]
[ sql ] [ SQL ] SELECT * FROM `product_property` WHERE  `product_id` = 11 [ RunTime:0.000615s ]
---------------------------------------------------------------

[2020-08-25T11:46:43+08:00] 127.0.0.1 GET lin.test/api/v1/product/11
[运行时间：0.017198s] [吞吐率：58.15req/s] [内存消耗：526.89kb] [文件加载：110]
[ info ] [ LANG ] /Users/xuliang/code/php/lin/thinkphp/lang/zh-cn.php
[ info ] [ ROUTE ] array (
  'rule' => 'api/<version>/product/<id>',
  'route' => 'api/:version.Product/getOne',
  'option' => 
  array (
    'merge_rule_regex' => false,
  ),
  'var' => 
  array (
    'version' => 'v1',
    'id' => '11',
  ),
)
[ info ] [ HEADER ] array (
  'connection' => 'keep-alive',
  'accept-encoding' => 'gzip, deflate',
  'host' => 'lin.test',
  'postman-token' => '6eca180f-ba97-470c-921b-aa65706c5093',
  'cache-control' => 'no-cache',
  'accept' => '*/*',
  'user-agent' => 'PostmanRuntime/7.17.1',
  'content-length' => '',
  'content-type' => '',
)
[ info ] [ PARAM ] array (
  'version' => 'v1',
  'id' => '11',
)
[ info ] [ DB ] INIT mysql
[ sql ] [ DB ] CONNECT:[ UseTime:0.000747s ] mysql:host=127.0.0.1;port=3306;dbname=zerg;charset=utf8
[ sql ] [ SQL ] SHOW COLUMNS FROM `product` [ RunTime:0.001924s ]
[ sql ] [ SQL ] SELECT * FROM `product` WHERE  `id` = 11 LIMIT 1 [ RunTime:0.000697s ]
[ sql ] [ SQL ] SHOW COLUMNS FROM `product_property` [ RunTime:0.001726s ]
[ sql ] [ SQL ] SELECT * FROM `product_property` WHERE  `product_id` = 11 [ RunTime:0.001535s ]
---------------------------------------------------------------

[2020-08-25T11:47:38+08:00] 127.0.0.1 GET lin.test/api/v1/product/11
[运行时间：0.009730s] [吞吐率：102.78req/s] [内存消耗：526.92kb] [文件加载：110]
[ info ] [ LANG ] /Users/xuliang/code/php/lin/thinkphp/lang/zh-cn.php
[ info ] [ ROUTE ] array (
  'rule' => 'api/<version>/product/<id>',
  'route' => 'api/:version.Product/getOne',
  'option' => 
  array (
    'merge_rule_regex' => false,
  ),
  'var' => 
  array (
    'version' => 'v1',
    'id' => '11',
  ),
)
[ info ] [ HEADER ] array (
  'connection' => 'keep-alive',
  'accept-encoding' => 'gzip, deflate',
  'host' => 'lin.test',
  'postman-token' => 'ab09fb2f-fe32-4343-bf42-8b84d4a18384',
  'cache-control' => 'no-cache',
  'accept' => '*/*',
  'user-agent' => 'PostmanRuntime/7.17.1',
  'content-length' => '',
  'content-type' => '',
)
[ info ] [ PARAM ] array (
  'version' => 'v1',
  'id' => '11',
)
[ info ] [ DB ] INIT mysql
[ sql ] [ DB ] CONNECT:[ UseTime:0.000661s ] mysql:host=127.0.0.1;port=3306;dbname=zerg;charset=utf8
[ sql ] [ SQL ] SHOW COLUMNS FROM `product` [ RunTime:0.001356s ]
[ sql ] [ SQL ] SELECT * FROM `product` WHERE  `id` = 11 LIMIT 1 [ RunTime:0.000363s ]
[ sql ] [ SQL ] SHOW COLUMNS FROM `product_property` [ RunTime:0.000928s ]
[ sql ] [ SQL ] SELECT * FROM `product_property` WHERE  `product_id` = 11 [ RunTime:0.000406s ]
---------------------------------------------------------------

[2020-08-25T11:48:01+08:00] 127.0.0.1 GET lin.test/api/v1/product/11
[运行时间：0.019899s] [吞吐率：50.25req/s] [内存消耗：553.01kb] [文件加载：113]
[ info ] [ LANG ] /Users/xuliang/code/php/lin/thinkphp/lang/zh-cn.php
[ info ] [ ROUTE ] array (
  'rule' => 'api/<version>/product/<id>',
  'route' => 'api/:version.Product/getOne',
  'option' => 
  array (
    'merge_rule_regex' => false,
  ),
  'var' => 
  array (
    'version' => 'v1',
    'id' => '11',
  ),
)
[ info ] [ HEADER ] array (
  'connection' => 'keep-alive',
  'accept-encoding' => 'gzip, deflate',
  'host' => 'lin.test',
  'postman-token' => '312f1fcc-695a-4590-9b94-657faff01089',
  'cache-control' => 'no-cache',
  'accept' => '*/*',
  'user-agent' => 'PostmanRuntime/7.17.1',
  'content-length' => '',
  'content-type' => '',
)
[ info ] [ PARAM ] array (
  'version' => 'v1',
  'id' => '11',
)
[ info ] [ DB ] INIT mysql
[ sql ] [ DB ] CONNECT:[ UseTime:0.000735s ] mysql:host=127.0.0.1;port=3306;dbname=zerg;charset=utf8
[ sql ] [ SQL ] SHOW COLUMNS FROM `product` [ RunTime:0.002521s ]
[ sql ] [ SQL ] SELECT * FROM `product` WHERE  `id` = 11 LIMIT 1 [ RunTime:0.000493s ]
[ sql ] [ SQL ] SHOW COLUMNS FROM `product_image` [ RunTime:0.001354s ]
[ sql ] [ SQL ] SELECT * FROM `product_image` WHERE  `product_id` = 11 [ RunTime:0.000533s ]
[ sql ] [ SQL ] SHOW COLUMNS FROM `image` [ RunTime:0.001298s ]
[ sql ] [ SQL ] SELECT * FROM `image` WHERE  `id` IN (19,20,21,22,23,24,25,26,27,28,29,62,63) [ RunTime:0.000566s ]
[ sql ] [ SQL ] SHOW COLUMNS FROM `product_property` [ RunTime:0.001384s ]
[ sql ] [ SQL ] SELECT * FROM `product_property` WHERE  `product_id` = 11 [ RunTime:0.000453s ]
---------------------------------------------------------------

[2020-08-25T11:48:24+08:00] 127.0.0.1 GET lin.test/api/v1/product/11
[运行时间：0.016415s] [吞吐率：60.92req/s] [内存消耗：526.92kb] [文件加载：110]
[ info ] [ LANG ] /Users/xuliang/code/php/lin/thinkphp/lang/zh-cn.php
[ info ] [ ROUTE ] array (
  'rule' => 'api/<version>/product/<id>',
  'route' => 'api/:version.Product/getOne',
  'option' => 
  array (
    'merge_rule_regex' => false,
  ),
  'var' => 
  array (
    'version' => 'v1',
    'id' => '11',
  ),
)
[ info ] [ HEADER ] array (
  'connection' => 'keep-alive',
  'accept-encoding' => 'gzip, deflate',
  'host' => 'lin.test',
  'postman-token' => '47c43151-d67c-49d7-b54d-2833f58ee05e',
  'cache-control' => 'no-cache',
  'accept' => '*/*',
  'user-agent' => 'PostmanRuntime/7.17.1',
  'content-length' => '',
  'content-type' => '',
)
[ info ] [ PARAM ] array (
  'version' => 'v1',
  'id' => '11',
)
[ info ] [ DB ] INIT mysql
[ sql ] [ DB ] CONNECT:[ UseTime:0.000643s ] mysql:host=127.0.0.1;port=3306;dbname=zerg;charset=utf8
[ sql ] [ SQL ] SHOW COLUMNS FROM `product` [ RunTime:0.003253s ]
[ sql ] [ SQL ] SELECT * FROM `product` WHERE  `id` = 11 LIMIT 1 [ RunTime:0.002088s ]
[ sql ] [ SQL ] SHOW COLUMNS FROM `product_property` [ RunTime:0.002721s ]
[ sql ] [ SQL ] SELECT * FROM `product_property` WHERE  `product_id` = 11 [ RunTime:0.000582s ]
---------------------------------------------------------------

[2020-08-25T20:51:17+08:00] 127.0.0.1 GET lin.test/api/v1/product/11
[运行时间：0.018699s] [吞吐率：53.48req/s] [内存消耗：526.30kb] [文件加载：110]
[ info ] [ LANG ] /Users/xuliang/code/php/lin/thinkphp/lang/zh-cn.php
[ info ] [ ROUTE ] array (
  'rule' => 'api/<version>/product/<id>',
  'route' => 'api/:version.Product/getOne',
  'option' => 
  array (
    'merge_rule_regex' => false,
  ),
  'var' => 
  array (
    'version' => 'v1',
    'id' => '11',
  ),
)
[ info ] [ HEADER ] array (
  'connection' => 'keep-alive',
  'accept-encoding' => 'gzip, deflate',
  'host' => 'lin.test',
  'postman-token' => 'cf570e2c-bbf8-4738-8980-74225107e353',
  'cache-control' => 'no-cache',
  'accept' => '*/*',
  'user-agent' => 'PostmanRuntime/7.17.1',
  'content-length' => '',
  'content-type' => '',
)
[ info ] [ PARAM ] array (
  'version' => 'v1',
  'id' => '11',
)
[ info ] [ DB ] INIT mysql
[ sql ] [ DB ] CONNECT:[ UseTime:0.001838s ] mysql:host=127.0.0.1;port=3306;dbname=zerg;charset=utf8
[ sql ] [ SQL ] SHOW COLUMNS FROM `product` [ RunTime:0.004701s ]
[ sql ] [ SQL ] SELECT * FROM `product` WHERE  `id` = 11 LIMIT 1 [ RunTime:0.000624s ]
[ sql ] [ SQL ] SHOW COLUMNS FROM `product_property` [ RunTime:0.001261s ]
[ sql ] [ SQL ] SELECT * FROM `product_property` WHERE  `product_id` = 11 [ RunTime:0.000586s ]
---------------------------------------------------------------

[2020-08-25T20:53:37+08:00] 127.0.0.1 GET lin.test/api/v1/product/11
[运行时间：0.017331s] [吞吐率：57.70req/s] [内存消耗：526.30kb] [文件加载：110]
[ info ] [ LANG ] /Users/xuliang/code/php/lin/thinkphp/lang/zh-cn.php
[ info ] [ ROUTE ] array (
  'rule' => 'api/<version>/product/<id>',
  'route' => 'api/:version.Product/getOne',
  'option' => 
  array (
    'merge_rule_regex' => false,
  ),
  'var' => 
  array (
    'version' => 'v1',
    'id' => '11',
  ),
)
[ info ] [ HEADER ] array (
  'connection' => 'keep-alive',
  'accept-encoding' => 'gzip, deflate',
  'host' => 'lin.test',
  'postman-token' => 'd0725303-6962-47c7-b41f-3dd296a596a7',
  'cache-control' => 'no-cache',
  'accept' => '*/*',
  'user-agent' => 'PostmanRuntime/7.17.1',
  'content-length' => '',
  'content-type' => '',
)
[ info ] [ PARAM ] array (
  'version' => 'v1',
  'id' => '11',
)
[ info ] [ DB ] INIT mysql
[ sql ] [ DB ] CONNECT:[ UseTime:0.000645s ] mysql:host=127.0.0.1;port=3306;dbname=zerg;charset=utf8
[ sql ] [ SQL ] SHOW COLUMNS FROM `product` [ RunTime:0.001654s ]
[ sql ] [ SQL ] SELECT * FROM `product` WHERE  `id` = 11 LIMIT 1 [ RunTime:0.000584s ]
[ sql ] [ SQL ] SHOW COLUMNS FROM `product_property` [ RunTime:0.003414s ]
[ sql ] [ SQL ] SELECT * FROM `product_property` WHERE  `product_id` = 11 [ RunTime:0.001696s ]
---------------------------------------------------------------

[2020-08-25T20:53:52+08:00] 127.0.0.1 GET lin.test/api/v1/product/11
[运行时间：0.014986s] [吞吐率：66.73req/s] [内存消耗：531.32kb] [文件加载：110]
[ info ] [ LANG ] /Users/xuliang/code/php/lin/thinkphp/lang/zh-cn.php
[ info ] [ ROUTE ] array (
  'rule' => 'api/<version>/product/<id>',
  'route' => 'api/:version.Product/getOne',
  'option' => 
  array (
    'merge_rule_regex' => false,
  ),
  'var' => 
  array (
    'version' => 'v1',
    'id' => '11',
  ),
)
[ info ] [ HEADER ] array (
  'connection' => 'keep-alive',
  'accept-encoding' => 'gzip, deflate',
  'host' => 'lin.test',
  'postman-token' => 'f30801e6-69ba-4466-8b6a-303cd4d29169',
  'cache-control' => 'no-cache',
  'accept' => '*/*',
  'user-agent' => 'PostmanRuntime/7.17.1',
  'content-length' => '',
  'content-type' => '',
)
[ info ] [ PARAM ] array (
  'version' => 'v1',
  'id' => '11',
)
[ info ] [ DB ] INIT mysql
[ sql ] [ DB ] CONNECT:[ UseTime:0.002370s ] mysql:host=127.0.0.1;port=3306;dbname=zerg;charset=utf8
[ sql ] [ SQL ] SHOW COLUMNS FROM `product` [ RunTime:0.002419s ]
[ sql ] [ SQL ] SELECT * FROM `product` WHERE  `id` = 11 LIMIT 1 [ RunTime:0.000732s ]
[ sql ] [ SQL ] SHOW COLUMNS FROM `product_property` [ RunTime:0.001436s ]
[ sql ] [ SQL ] SELECT * FROM `product_property` WHERE  `product_id` = 11 [ RunTime:0.000671s ]
---------------------------------------------------------------

[2020-08-25T20:54:13+08:00] 127.0.0.1 GET lin.test/api/v1/product/11
[运行时间：0.013630s] [吞吐率：73.37req/s] [内存消耗：553.98kb] [文件加载：113]
[ info ] [ LANG ] /Users/xuliang/code/php/lin/thinkphp/lang/zh-cn.php
[ info ] [ ROUTE ] array (
  'rule' => 'api/<version>/product/<id>',
  'route' => 'api/:version.Product/getOne',
  'option' => 
  array (
    'merge_rule_regex' => false,
  ),
  'var' => 
  array (
    'version' => 'v1',
    'id' => '11',
  ),
)
[ info ] [ HEADER ] array (
  'connection' => 'keep-alive',
  'accept-encoding' => 'gzip, deflate',
  'host' => 'lin.test',
  'postman-token' => '8edfdd9b-e258-4098-be6c-d4992ab10f92',
  'cache-control' => 'no-cache',
  'accept' => '*/*',
  'user-agent' => 'PostmanRuntime/7.17.1',
  'content-length' => '',
  'content-type' => '',
)
[ info ] [ PARAM ] array (
  'version' => 'v1',
  'id' => '11',
)
[ info ] [ DB ] INIT mysql
[ sql ] [ DB ] CONNECT:[ UseTime:0.000601s ] mysql:host=127.0.0.1;port=3306;dbname=zerg;charset=utf8
[ sql ] [ SQL ] SHOW COLUMNS FROM `product` [ RunTime:0.002229s ]
[ sql ] [ SQL ] SELECT * FROM `product` WHERE  `id` = 11 LIMIT 1 [ RunTime:0.000659s ]
[ sql ] [ SQL ] SHOW COLUMNS FROM `product_image` [ RunTime:0.001244s ]
[ sql ] [ SQL ] SELECT * FROM `product_image` WHERE  `product_id` = 11 ORDER BY `order` ASC [ RunTime:0.000689s ]
[ sql ] [ SQL ] SHOW COLUMNS FROM `image` [ RunTime:0.001118s ]
[ sql ] [ SQL ] SELECT * FROM `image` WHERE  `id` IN (19,20,21,22,23,24,25,26,27,29,28,62,63) [ RunTime:0.000623s ]
[ sql ] [ SQL ] SHOW COLUMNS FROM `product_property` [ RunTime:0.001105s ]
[ sql ] [ SQL ] SELECT * FROM `product_property` WHERE  `product_id` = 11 [ RunTime:0.000509s ]
